2026-05-23 15:49:11.406 WARN  [traceId=] [userId=] [ ] o.f.c.i.database.base.Database - Using MySQL 9.1 which is newer than the version Flyway has been verified with. The latest verified version of MySQL is 8.1.
2026-05-23 15:49:11.824 WARN  [traceId=] [userId=] [ ] o.f.c.i.database.base.Database - Using MySQL 9.1 which is newer than the version Flyway has been verified with. The latest verified version of MySQL is 8.1.
2026-05-23 15:49:19.317 WARN  [traceId=] [userId=] [ ] o.s.b.j.a.JpaBaseConfiguration$JpaWebConfiguration - spring.jpa.open-in-view is enabled by default. Therefore, database queries may be performed during view rendering. Explicitly configure spring.jpa.open-in-view to disable this warning
2026-05-23 16:13:17.540 WARN  [traceId=96533ef6-f539-4fa8-842f-da88cd8e3c97] [userId=anonymous] [GET /api/ab-test/menu] c.s.s.c.e.GlobalExceptionHandler - [EVENT-001] GET /api/ab-test/menu | traceId=96533ef6-f539-4fa8-842f-da88cd8e3c97 | userId=anonymous
-> userId 또는 guestId 중 하나는 반드시 필요합니다.
2026-05-23 16:13:17.576 WARN  [traceId=96533ef6-f539-4fa8-842f-da88cd8e3c97] [userId=anonymous] [GET /api/ab-test/menu] o.s.w.s.m.m.a.ExceptionHandlerExceptionResolver - Resolved [com.ssac.ssacbackend.common.exception.BadRequestException: userId 또는 guestId 중 하나는 반드시 필요합니다.]
2026-05-23 16:13:17.610 WARN  [traceId=aeaacffd-6c2b-4a04-a747-9d59cdb087fe] [userId=anonymous] [GET /api/ab-test/menu] c.s.s.c.e.GlobalExceptionHandler - [EVENT-001] GET /api/ab-test/menu | traceId=aeaacffd-6c2b-4a04-a747-9d59cdb087fe | userId=anonymous
-> userId 또는 guestId 중 하나는 반드시 필요합니다.
2026-05-23 16:13:17.613 WARN  [traceId=aeaacffd-6c2b-4a04-a747-9d59cdb087fe] [userId=anonymous] [GET /api/ab-test/menu] o.s.w.s.m.m.a.ExceptionHandlerExceptionResolver - Resolved [com.ssac.ssacbackend.common.exception.BadRequestException: userId 또는 guestId 중 하나는 반드시 필요합니다.]
2026-05-23 16:13:17.630 WARN  [traceId=0315cf5a-51da-4305-9509-15cd81669a63] [userId=anonymous] [GET /api/ab-test/menu] c.s.s.c.e.GlobalExceptionHandler - [EVENT-001] GET /api/ab-test/menu | traceId=0315cf5a-51da-4305-9509-15cd81669a63 | userId=anonymous
-> userId 또는 guestId 중 하나는 반드시 필요합니다.
2026-05-23 16:13:17.634 WARN  [traceId=0315cf5a-51da-4305-9509-15cd81669a63] [userId=anonymous] [GET /api/ab-test/menu] o.s.w.s.m.m.a.ExceptionHandlerExceptionResolver - Resolved [com.ssac.ssacbackend.common.exception.BadRequestException: userId 또는 guestId 중 하나는 반드시 필요합니다.]
2026-05-23 16:13:17.651 WARN  [traceId=93053f04-021d-47ea-b8b1-5ab2f66b6bd7] [userId=anonymous] [GET /api/ab-test/menu] c.s.s.c.e.GlobalExceptionHandler - [EVENT-001] GET /api/ab-test/menu | traceId=93053f04-021d-47ea-b8b1-5ab2f66b6bd7 | userId=anonymous
-> userId 또는 guestId 중 하나는 반드시 필요합니다.
2026-05-23 16:13:17.655 WARN  [traceId=93053f04-021d-47ea-b8b1-5ab2f66b6bd7] [userId=anonymous] [GET /api/ab-test/menu] o.s.w.s.m.m.a.ExceptionHandlerExceptionResolver - Resolved [com.ssac.ssacbackend.common.exception.BadRequestException: userId 또는 guestId 중 하나는 반드시 필요합니다.]
2026-05-23 16:17:51.624 WARN  [traceId=9c9a3269-e90b-4ed4-840e-074ff2af1e6d] [userId=anonymous] [GET /api/v1/onboarding/questions] c.s.s.c.e.GlobalExceptionHandler - [ONBOARDING-001] GET /api/v1/onboarding/questions | traceId=9c9a3269-e90b-4ed4-840e-074ff2af1e6d | userId=anonymous
-> 사용자 유형을 먼저 선택해주세요.
2026-05-23 16:17:51.629 WARN  [traceId=9c9a3269-e90b-4ed4-840e-074ff2af1e6d] [userId=anonymous] [GET /api/v1/onboarding/questions] o.s.w.s.m.m.a.ExceptionHandlerExceptionResolver - Resolved [com.ssac.ssacbackend.common.exception.BadRequestException: 사용자 유형을 먼저 선택해주세요.]
2026-05-23 16:17:58.452 WARN  [traceId=8bbd58da-0948-41d7-954c-54daf394c19e] [userId=anonymous] [GET /api/v1/onboarding/questions] c.s.s.c.e.GlobalExceptionHandler - [ONBOARDING-001] GET /api/v1/onboarding/questions | traceId=8bbd58da-0948-41d7-954c-54daf394c19e | userId=anonymous
-> 사용자 유형을 먼저 선택해주세요.
2026-05-23 16:17:58.452 WARN  [traceId=8bbd58da-0948-41d7-954c-54daf394c19e] [userId=anonymous] [GET /api/v1/onboarding/questions] o.s.w.s.m.m.a.ExceptionHandlerExceptionResolver - Resolved [com.ssac.ssacbackend.common.exception.BadRequestException: 사용자 유형을 먼저 선택해주세요.]
2026-05-23 16:18:07.089 WARN  [traceId=fb2adf4f-2cba-4fad-8800-01bdd73ea122] [userId=anonymous] [GET /api/v1/onboarding/questions] c.s.s.c.e.GlobalExceptionHandler - [ONBOARDING-001] GET /api/v1/onboarding/questions | traceId=fb2adf4f-2cba-4fad-8800-01bdd73ea122 | userId=anonymous
-> 사용자 유형을 먼저 선택해주세요.
2026-05-23 16:18:07.093 WARN  [traceId=fb2adf4f-2cba-4fad-8800-01bdd73ea122] [userId=anonymous] [GET /api/v1/onboarding/questions] o.s.w.s.m.m.a.ExceptionHandlerExceptionResolver - Resolved [com.ssac.ssacbackend.common.exception.BadRequestException: 사용자 유형을 먼저 선택해주세요.]
2026-05-23 16:18:38.984 WARN  [traceId=a540f035-21df-4e34-973a-9ee83801c377] [userId=anonymous] [GET /api/v1/onboarding/questions] c.s.s.c.e.GlobalExceptionHandler - [ONBOARDING-001] GET /api/v1/onboarding/questions | traceId=a540f035-21df-4e34-973a-9ee83801c377 | userId=anonymous
-> 사용자 유형을 먼저 선택해주세요.
2026-05-23 16:18:38.986 WARN  [traceId=a540f035-21df-4e34-973a-9ee83801c377] [userId=anonymous] [GET /api/v1/onboarding/questions] o.s.w.s.m.m.a.ExceptionHandlerExceptionResolver - Resolved [com.ssac.ssacbackend.common.exception.BadRequestException: 사용자 유형을 먼저 선택해주세요.]
2026-05-23 16:30:16.902 WARN  [traceId=20925894-24d2-4014-8218-654c6c959259] [userId=anonymous] [GET /api/ab-test/menu] c.s.s.c.e.GlobalExceptionHandler - [EVENT-001] GET /api/ab-test/menu | traceId=20925894-24d2-4014-8218-654c6c959259 | userId=anonymous
-> userId 또는 guestId 중 하나는 반드시 필요합니다.
2026-05-23 16:30:16.905 WARN  [traceId=20925894-24d2-4014-8218-654c6c959259] [userId=anonymous] [GET /api/ab-test/menu] o.s.w.s.m.m.a.ExceptionHandlerExceptionResolver - Resolved [com.ssac.ssacbackend.common.exception.BadRequestException: userId 또는 guestId 중 하나는 반드시 필요합니다.]
2026-05-23 16:30:16.949 WARN  [traceId=55fd4ae4-0252-48aa-a477-701489341715] [userId=anonymous] [GET /api/ab-test/menu] c.s.s.c.e.GlobalExceptionHandler - [EVENT-001] GET /api/ab-test/menu | traceId=55fd4ae4-0252-48aa-a477-701489341715 | userId=anonymous
-> userId 또는 guestId 중 하나는 반드시 필요합니다.
2026-05-23 16:30:16.950 WARN  [traceId=55fd4ae4-0252-48aa-a477-701489341715] [userId=anonymous] [GET /api/ab-test/menu] o.s.w.s.m.m.a.ExceptionHandlerExceptionResolver - Resolved [com.ssac.ssacbackend.common.exception.BadRequestException: userId 또는 guestId 중 하나는 반드시 필요합니다.]
2026-05-23 16:30:16.998 WARN  [traceId=829bc6b3-a48a-4299-9d7e-72fe2e688b27] [userId=anonymous] [GET /api/ab-test/menu] c.s.s.c.e.GlobalExceptionHandler - [EVENT-001] GET /api/ab-test/menu | traceId=829bc6b3-a48a-4299-9d7e-72fe2e688b27 | userId=anonymous
-> userId 또는 guestId 중 하나는 반드시 필요합니다.
2026-05-23 16:30:16.999 WARN  [traceId=829bc6b3-a48a-4299-9d7e-72fe2e688b27] [userId=anonymous] [GET /api/ab-test/menu] o.s.w.s.m.m.a.ExceptionHandlerExceptionResolver - Resolved [com.ssac.ssacbackend.common.exception.BadRequestException: userId 또는 guestId 중 하나는 반드시 필요합니다.]
2026-05-23 16:30:17.025 WARN  [traceId=178aaadf-eb3b-44fe-9d22-cacb9f67f13e] [userId=anonymous] [GET /api/ab-test/menu] c.s.s.c.e.GlobalExceptionHandler - [EVENT-001] GET /api/ab-test/menu | traceId=178aaadf-eb3b-44fe-9d22-cacb9f67f13e | userId=anonymous
-> userId 또는 guestId 중 하나는 반드시 필요합니다.
2026-05-23 16:30:17.025 WARN  [traceId=178aaadf-eb3b-44fe-9d22-cacb9f67f13e] [userId=anonymous] [GET /api/ab-test/menu] o.s.w.s.m.m.a.ExceptionHandlerExceptionResolver - Resolved [com.ssac.ssacbackend.common.exception.BadRequestException: userId 또는 guestId 중 하나는 반드시 필요합니다.]
2026-05-23 16:30:39.316 WARN  [traceId=8cfe28f5-c770-471c-afa0-7db4d6ad714f] [userId=anonymous] [GET /api/v1/onboarding/questions] c.s.s.c.e.GlobalExceptionHandler - [ONBOARDING-001] GET /api/v1/onboarding/questions | traceId=8cfe28f5-c770-471c-afa0-7db4d6ad714f | userId=anonymous
-> 사용자 유형을 먼저 선택해주세요.
2026-05-23 16:30:39.316 WARN  [traceId=8cfe28f5-c770-471c-afa0-7db4d6ad714f] [userId=anonymous] [GET /api/v1/onboarding/questions] o.s.w.s.m.m.a.ExceptionHandlerExceptionResolver - Resolved [com.ssac.ssacbackend.common.exception.BadRequestException: 사용자 유형을 먼저 선택해주세요.]
2026-05-23 16:30:52.658 WARN  [traceId=53356b32-bfb7-4107-8de6-38776ad0ba7a] [userId=anonymous] [GET /api/ab-test/menu] c.s.s.c.e.GlobalExceptionHandler - [EVENT-001] GET /api/ab-test/menu | traceId=53356b32-bfb7-4107-8de6-38776ad0ba7a | userId=anonymous
-> userId 또는 guestId 중 하나는 반드시 필요합니다.
2026-05-23 16:30:52.663 WARN  [traceId=53356b32-bfb7-4107-8de6-38776ad0ba7a] [userId=anonymous] [GET /api/ab-test/menu] o.s.w.s.m.m.a.ExceptionHandlerExceptionResolver - Resolved [com.ssac.ssacbackend.common.exception.BadRequestException: userId 또는 guestId 중 하나는 반드시 필요합니다.]
2026-05-23 16:30:52.687 WARN  [traceId=1a68bc9b-90e8-4403-af73-e7c86217fe6e] [userId=anonymous] [GET /api/ab-test/menu] c.s.s.c.e.GlobalExceptionHandler - [EVENT-001] GET /api/ab-test/menu | traceId=1a68bc9b-90e8-4403-af73-e7c86217fe6e | userId=anonymous
-> userId 또는 guestId 중 하나는 반드시 필요합니다.
2026-05-23 16:30:52.688 WARN  [traceId=1a68bc9b-90e8-4403-af73-e7c86217fe6e] [userId=anonymous] [GET /api/ab-test/menu] o.s.w.s.m.m.a.ExceptionHandlerExceptionResolver - Resolved [com.ssac.ssacbackend.common.exception.BadRequestException: userId 또는 guestId 중 하나는 반드시 필요합니다.]
2026-05-23 16:30:52.714 WARN  [traceId=912c6f54-57cf-4216-9f0e-6e0dafd79681] [userId=anonymous] [GET /api/ab-test/menu] c.s.s.c.e.GlobalExceptionHandler - [EVENT-001] GET /api/ab-test/menu | traceId=912c6f54-57cf-4216-9f0e-6e0dafd79681 | userId=anonymous
-> userId 또는 guestId 중 하나는 반드시 필요합니다.
2026-05-23 16:30:52.716 WARN  [traceId=912c6f54-57cf-4216-9f0e-6e0dafd79681] [userId=anonymous] [GET /api/ab-test/menu] o.s.w.s.m.m.a.ExceptionHandlerExceptionResolver - Resolved [com.ssac.ssacbackend.common.exception.BadRequestException: userId 또는 guestId 중 하나는 반드시 필요합니다.]
2026-05-23 16:30:52.744 WARN  [traceId=1b0c4d60-4c50-4d1d-8db3-e1fafdfcb234] [userId=anonymous] [GET /api/ab-test/menu] c.s.s.c.e.GlobalExceptionHandler - [EVENT-001] GET /api/ab-test/menu | traceId=1b0c4d60-4c50-4d1d-8db3-e1fafdfcb234 | userId=anonymous
-> userId 또는 guestId 중 하나는 반드시 필요합니다.
2026-05-23 16:30:52.745 WARN  [traceId=1b0c4d60-4c50-4d1d-8db3-e1fafdfcb234] [userId=anonymous] [GET /api/ab-test/menu] o.s.w.s.m.m.a.ExceptionHandlerExceptionResolver - Resolved [com.ssac.ssacbackend.common.exception.BadRequestException: userId 또는 guestId 중 하나는 반드시 필요합니다.]
2026-05-23 16:30:54.513 WARN  [traceId=7c1c8649-04d2-47af-8867-83db2b7e3e07] [userId=anonymous] [GET /api/v1/onboarding/questions] c.s.s.c.e.GlobalExceptionHandler - [ONBOARDING-001] GET /api/v1/onboarding/questions | traceId=7c1c8649-04d2-47af-8867-83db2b7e3e07 | userId=anonymous
-> 사용자 유형을 먼저 선택해주세요.
2026-05-23 16:30:54.514 WARN  [traceId=7c1c8649-04d2-47af-8867-83db2b7e3e07] [userId=anonymous] [GET /api/v1/onboarding/questions] o.s.w.s.m.m.a.ExceptionHandlerExceptionResolver - Resolved [com.ssac.ssacbackend.common.exception.BadRequestException: 사용자 유형을 먼저 선택해주세요.]
2026-05-23 16:44:29.816 WARN  [traceId=70a26615-9492-4382-a08d-47bc965a2d2e] [userId=anonymous] [GET /api/v1/onboarding/questions] c.s.s.c.e.GlobalExceptionHandler - [ONBOARDING-001] GET /api/v1/onboarding/questions | traceId=70a26615-9492-4382-a08d-47bc965a2d2e | userId=anonymous
-> 사용자 유형을 먼저 선택해주세요.
2026-05-23 16:44:29.816 WARN  [traceId=70a26615-9492-4382-a08d-47bc965a2d2e] [userId=anonymous] [GET /api/v1/onboarding/questions] o.s.w.s.m.m.a.ExceptionHandlerExceptionResolver - Resolved [com.ssac.ssacbackend.common.exception.BadRequestException: 사용자 유형을 먼저 선택해주세요.]
2026-05-23 16:44:29.816 ERROR [traceId=] [userId=] [ ] c.s.s.service.ErrorLogService - 에러 로그 저장 실패 (WARN): traceId=70a26615-9492-4382-a08d-47bc965a2d2e
java.lang.IllegalStateException: The request object has been recycled and is no longer associated with this facade
	at org.apache.catalina.connector.RequestFacade.checkFacade(RequestFacade.java:609)
	at org.apache.catalina.connector.RequestFacade.getMethod(RequestFacade.java:322)
	at jakarta.servlet.http.HttpServletRequestWrapper.getMethod(HttpServletRequestWrapper.java:125)
	at jakarta.servlet.http.HttpServletRequestWrapper.getMethod(HttpServletRequestWrapper.java:125)
	at jakarta.servlet.http.HttpServletRequestWrapper.getMethod(HttpServletRequestWrapper.java:125)
	at com.ssac.ssacbackend.service.ErrorLogService.saveWarn(ErrorLogService.java:41)
	at jdk.internal.reflect.GeneratedMethodAccessor224.invoke(Unknown Source)
	at java.base/jdk.internal.reflect.DelegatingMethodAccessorImpl.invoke(DelegatingMethodAccessorImpl.java:43)
	at java.base/java.lang.reflect.Method.invoke(Method.java:569)
	at org.springframework.aop.support.AopUtils.invokeJoinpointUsingReflection(AopUtils.java:359)
	at org.springframework.aop.framework.ReflectiveMethodInvocation.invokeJoinpoint(ReflectiveMethodInvocation.java:190)
	at org.springframework.aop.framework.ReflectiveMethodInvocation.proceed(ReflectiveMethodInvocation.java:158)
	at org.springframework.aop.interceptor.AsyncExecutionInterceptor.lambda$invoke$0(AsyncExecutionInterceptor.java:112)
	at java.base/java.util.concurrent.FutureTask.run(FutureTask.java:264)
	at java.base/java.util.concurrent.ThreadPoolExecutor.runWorker(ThreadPoolExecutor.java:1136)
	at java.base/java.util.concurrent.ThreadPoolExecutor$Worker.run(ThreadPoolExecutor.java:635)
	at java.base/java.lang.Thread.run(Thread.java:840)
2026-05-23 16:44:41.386 WARN  [traceId=f02b7c0e-6c51-4d18-afbd-5fd8e986018a] [userId=anonymous] [GET /api/v1/onboarding/questions] c.s.s.c.e.GlobalExceptionHandler - [ONBOARDING-001] GET /api/v1/onboarding/questions | traceId=f02b7c0e-6c51-4d18-afbd-5fd8e986018a | userId=anonymous
-> 사용자 유형을 먼저 선택해주세요.
2026-05-23 16:44:41.390 WARN  [traceId=f02b7c0e-6c51-4d18-afbd-5fd8e986018a] [userId=anonymous] [GET /api/v1/onboarding/questions] o.s.w.s.m.m.a.ExceptionHandlerExceptionResolver - Resolved [com.ssac.ssacbackend.common.exception.BadRequestException: 사용자 유형을 먼저 선택해주세요.]
2026-05-23 17:06:23.625 WARN  [traceId=95645a30-deba-4624-a951-d667cebc17a4] [userId=anonymous] [GET /api/v1/onboarding/questions] c.s.s.c.e.GlobalExceptionHandler - [ONBOARDING-001] GET /api/v1/onboarding/questions | traceId=95645a30-deba-4624-a951-d667cebc17a4 | userId=anonymous
-> 사용자 유형을 먼저 선택해주세요.
2026-05-23 17:06:23.625 WARN  [traceId=95645a30-deba-4624-a951-d667cebc17a4] [userId=anonymous] [GET /api/v1/onboarding/questions] o.s.w.s.m.m.a.ExceptionHandlerExceptionResolver - Resolved [com.ssac.ssacbackend.common.exception.BadRequestException: 사용자 유형을 먼저 선택해주세요.]
2026-05-23 17:06:29.898 WARN  [traceId=a257d347-c78b-4c43-9a9e-654d9810db8d] [userId=anonymous] [GET /api/v1/onboarding/questions] c.s.s.c.e.GlobalExceptionHandler - [ONBOARDING-001] GET /api/v1/onboarding/questions | traceId=a257d347-c78b-4c43-9a9e-654d9810db8d | userId=anonymous
-> 사용자 유형을 먼저 선택해주세요.
2026-05-23 17:06:29.898 WARN  [traceId=a257d347-c78b-4c43-9a9e-654d9810db8d] [userId=anonymous] [GET /api/v1/onboarding/questions] o.s.w.s.m.m.a.ExceptionHandlerExceptionResolver - Resolved [com.ssac.ssacbackend.common.exception.BadRequestException: 사용자 유형을 먼저 선택해주세요.]
2026-05-23 18:49:25.498 WARN  [traceId=a91649e3-72b5-4294-94ca-d28705d7145e] [userId=anonymous] [GET /api/v1/onboarding/questions] c.s.s.c.e.GlobalExceptionHandler - [ONBOARDING-001] GET /api/v1/onboarding/questions | traceId=a91649e3-72b5-4294-94ca-d28705d7145e | userId=anonymous
-> 사용자 유형을 먼저 선택해주세요.
2026-05-23 18:49:25.500 WARN  [traceId=a91649e3-72b5-4294-94ca-d28705d7145e] [userId=anonymous] [GET /api/v1/onboarding/questions] o.s.w.s.m.m.a.ExceptionHandlerExceptionResolver - Resolved [com.ssac.ssacbackend.common.exception.BadRequestException: 사용자 유형을 먼저 선택해주세요.]
2026-05-23 18:49:30.145 WARN  [traceId=aad00109-a907-4f05-891d-5f39c62ffee2] [userId=anonymous] [GET /api/ab-test/menu] c.s.s.c.e.GlobalExceptionHandler - [EVENT-001] GET /api/ab-test/menu | traceId=aad00109-a907-4f05-891d-5f39c62ffee2 | userId=anonymous
-> userId 또는 guestId 중 하나는 반드시 필요합니다.
2026-05-23 18:49:30.145 WARN  [traceId=aad00109-a907-4f05-891d-5f39c62ffee2] [userId=anonymous] [GET /api/ab-test/menu] o.s.w.s.m.m.a.ExceptionHandlerExceptionResolver - Resolved [com.ssac.ssacbackend.common.exception.BadRequestException: userId 또는 guestId 중 하나는 반드시 필요합니다.]
2026-05-23 18:49:30.210 WARN  [traceId=e871a482-303e-4fbe-9175-5531584f0b04] [userId=anonymous] [GET /api/ab-test/menu] c.s.s.c.e.GlobalExceptionHandler - [EVENT-001] GET /api/ab-test/menu | traceId=e871a482-303e-4fbe-9175-5531584f0b04 | userId=anonymous
-> userId 또는 guestId 중 하나는 반드시 필요합니다.
2026-05-23 18:49:30.212 WARN  [traceId=e871a482-303e-4fbe-9175-5531584f0b04] [userId=anonymous] [GET /api/ab-test/menu] o.s.w.s.m.m.a.ExceptionHandlerExceptionResolver - Resolved [com.ssac.ssacbackend.common.exception.BadRequestException: userId 또는 guestId 중 하나는 반드시 필요합니다.]
2026-05-23 18:49:40.813 WARN  [traceId=4c2e1223-c906-4a56-8d8f-518037aba11a] [userId=accia25@naver.com] [GET /api/ab-test/menu] c.s.s.c.e.GlobalExceptionHandler - [EVENT-001] GET /api/ab-test/menu | traceId=4c2e1223-c906-4a56-8d8f-518037aba11a | userId=accia25@naver.com
-> userId 또는 guestId 중 하나는 반드시 필요합니다.
2026-05-23 18:49:40.814 WARN  [traceId=4c2e1223-c906-4a56-8d8f-518037aba11a] [userId=accia25@naver.com] [GET /api/ab-test/menu] o.s.w.s.m.m.a.ExceptionHandlerExceptionResolver - Resolved [com.ssac.ssacbackend.common.exception.BadRequestException: userId 또는 guestId 중 하나는 반드시 필요합니다.]
2026-05-23 18:49:40.894 WARN  [traceId=47ae7ac4-a300-4711-88ce-3343eeb67cd2] [userId=accia25@naver.com] [GET /api/ab-test/menu] c.s.s.c.e.GlobalExceptionHandler - [EVENT-001] GET /api/ab-test/menu | traceId=47ae7ac4-a300-4711-88ce-3343eeb67cd2 | userId=accia25@naver.com
-> userId 또는 guestId 중 하나는 반드시 필요합니다.
2026-05-23 18:49:40.895 WARN  [traceId=47ae7ac4-a300-4711-88ce-3343eeb67cd2] [userId=accia25@naver.com] [GET /api/ab-test/menu] o.s.w.s.m.m.a.ExceptionHandlerExceptionResolver - Resolved [com.ssac.ssacbackend.common.exception.BadRequestException: userId 또는 guestId 중 하나는 반드시 필요합니다.]
2026-05-23 18:49:40.955 WARN  [traceId=f652f7be-07f8-40f0-8055-2e33e0a2efec] [userId=accia25@naver.com] [GET /api/ab-test/menu] c.s.s.c.e.GlobalExceptionHandler - [EVENT-001] GET /api/ab-test/menu | traceId=f652f7be-07f8-40f0-8055-2e33e0a2efec | userId=accia25@naver.com
-> userId 또는 guestId 중 하나는 반드시 필요합니다.
2026-05-23 18:49:40.956 WARN  [traceId=f652f7be-07f8-40f0-8055-2e33e0a2efec] [userId=accia25@naver.com] [GET /api/ab-test/menu] o.s.w.s.m.m.a.ExceptionHandlerExceptionResolver - Resolved [com.ssac.ssacbackend.common.exception.BadRequestException: userId 또는 guestId 중 하나는 반드시 필요합니다.]
2026-05-23 18:49:40.990 WARN  [traceId=81dd6efd-fa1d-4f8b-bd88-fba5a16e0ec6] [userId=accia25@naver.com] [GET /api/ab-test/menu] c.s.s.c.e.GlobalExceptionHandler - [EVENT-001] GET /api/ab-test/menu | traceId=81dd6efd-fa1d-4f8b-bd88-fba5a16e0ec6 | userId=accia25@naver.com
-> userId 또는 guestId 중 하나는 반드시 필요합니다.
2026-05-23 18:49:40.991 WARN  [traceId=81dd6efd-fa1d-4f8b-bd88-fba5a16e0ec6] [userId=accia25@naver.com] [GET /api/ab-test/menu] o.s.w.s.m.m.a.ExceptionHandlerExceptionResolver - Resolved [com.ssac.ssacbackend.common.exception.BadRequestException: userId 또는 guestId 중 하나는 반드시 필요합니다.]
2026-05-23 18:49:48.851 WARN  [traceId=b228ce4a-8232-4f62-adef-bcb9f1a35c54] [userId=accia25@naver.com] [GET /api/v1/onboarding/questions] c.s.s.c.e.GlobalExceptionHandler - [ONBOARDING-002] GET /api/v1/onboarding/questions | traceId=b228ce4a-8232-4f62-adef-bcb9f1a35c54 | userId=accia25@naver.com
-> 이미 온보딩 테스트를 완료했습니다.
2026-05-23 18:49:48.851 WARN  [traceId=b228ce4a-8232-4f62-adef-bcb9f1a35c54] [userId=accia25@naver.com] [GET /api/v1/onboarding/questions] o.s.w.s.m.m.a.ExceptionHandlerExceptionResolver - Resolved [com.ssac.ssacbackend.common.exception.ConflictException: 이미 온보딩 테스트를 완료했습니다.]
2026-05-23 18:49:54.106 WARN  [traceId=c9bc3305-ecdf-4246-b993-c323d7a1c699] [userId=accia25@naver.com] [GET /api/v1/onboarding/questions] c.s.s.c.e.GlobalExceptionHandler - [ONBOARDING-002] GET /api/v1/onboarding/questions | traceId=c9bc3305-ecdf-4246-b993-c323d7a1c699 | userId=accia25@naver.com
-> 이미 온보딩 테스트를 완료했습니다.
2026-05-23 18:49:54.106 WARN  [traceId=c9bc3305-ecdf-4246-b993-c323d7a1c699] [userId=accia25@naver.com] [GET /api/v1/onboarding/questions] o.s.w.s.m.m.a.ExceptionHandlerExceptionResolver - Resolved [com.ssac.ssacbackend.common.exception.ConflictException: 이미 온보딩 테스트를 완료했습니다.]
2026-05-23 19:07:15.790 WARN  [traceId=04ca652b-c3e9-491c-9fa1-802b5659735c] [userId=anonymous] [GET /api/ab-test/menu] c.s.s.c.e.GlobalExceptionHandler - [EVENT-001] GET /api/ab-test/menu | traceId=04ca652b-c3e9-491c-9fa1-802b5659735c | userId=anonymous
-> userId 또는 guestId 중 하나는 반드시 필요합니다.
2026-05-23 19:07:15.790 WARN  [traceId=04ca652b-c3e9-491c-9fa1-802b5659735c] [userId=anonymous] [GET /api/ab-test/menu] o.s.w.s.m.m.a.ExceptionHandlerExceptionResolver - Resolved [com.ssac.ssacbackend.common.exception.BadRequestException: userId 또는 guestId 중 하나는 반드시 필요합니다.]
2026-05-23 19:07:15.892 WARN  [traceId=4abea5a3-6719-477c-b106-5f1037faff3b] [userId=anonymous] [GET /api/ab-test/menu] c.s.s.c.e.GlobalExceptionHandler - [EVENT-001] GET /api/ab-test/menu | traceId=4abea5a3-6719-477c-b106-5f1037faff3b | userId=anonymous
-> userId 또는 guestId 중 하나는 반드시 필요합니다.
2026-05-23 19:07:15.893 WARN  [traceId=4abea5a3-6719-477c-b106-5f1037faff3b] [userId=anonymous] [GET /api/ab-test/menu] o.s.w.s.m.m.a.ExceptionHandlerExceptionResolver - Resolved [com.ssac.ssacbackend.common.exception.BadRequestException: userId 또는 guestId 중 하나는 반드시 필요합니다.]
2026-05-23 19:07:16.569 WARN  [traceId=926a661b-48cc-4544-89e1-4f810c121e40] [userId=accia25@naver.com] [GET /api/v1/onboarding/questions] c.s.s.c.e.GlobalExceptionHandler - [ONBOARDING-002] GET /api/v1/onboarding/questions | traceId=926a661b-48cc-4544-89e1-4f810c121e40 | userId=accia25@naver.com
-> 이미 온보딩 테스트를 완료했습니다.
2026-05-23 19:07:16.573 WARN  [traceId=926a661b-48cc-4544-89e1-4f810c121e40] [userId=accia25@naver.com] [GET /api/v1/onboarding/questions] o.s.w.s.m.m.a.ExceptionHandlerExceptionResolver - Resolved [com.ssac.ssacbackend.common.exception.ConflictException: 이미 온보딩 테스트를 완료했습니다.]
2026-05-23 19:10:40.992 WARN  [traceId=c2577315-6048-41f7-80bb-d18385f46129] [userId=anonymous] [GET /api/ab-test/menu] c.s.s.c.e.GlobalExceptionHandler - [EVENT-001] GET /api/ab-test/menu | traceId=c2577315-6048-41f7-80bb-d18385f46129 | userId=anonymous
-> userId 또는 guestId 중 하나는 반드시 필요합니다.
2026-05-23 19:10:40.992 WARN  [traceId=c2577315-6048-41f7-80bb-d18385f46129] [userId=anonymous] [GET /api/ab-test/menu] o.s.w.s.m.m.a.ExceptionHandlerExceptionResolver - Resolved [com.ssac.ssacbackend.common.exception.BadRequestException: userId 또는 guestId 중 하나는 반드시 필요합니다.]
2026-05-23 19:10:41.097 WARN  [traceId=b68592ca-a9d4-4c23-9a51-0d8e35014bda] [userId=anonymous] [GET /api/ab-test/menu] c.s.s.c.e.GlobalExceptionHandler - [EVENT-001] GET /api/ab-test/menu | traceId=b68592ca-a9d4-4c23-9a51-0d8e35014bda | userId=anonymous
-> userId 또는 guestId 중 하나는 반드시 필요합니다.
2026-05-23 19:10:41.098 WARN  [traceId=b68592ca-a9d4-4c23-9a51-0d8e35014bda] [userId=anonymous] [GET /api/ab-test/menu] o.s.w.s.m.m.a.ExceptionHandlerExceptionResolver - Resolved [com.ssac.ssacbackend.common.exception.BadRequestException: userId 또는 guestId 중 하나는 반드시 필요합니다.]
2026-05-23 19:10:41.282 WARN  [traceId=77059808-b9c9-4a81-a6cc-983daa04f550] [userId=accia25@naver.com] [GET /api/v1/onboarding/questions] c.s.s.c.e.GlobalExceptionHandler - [ONBOARDING-002] GET /api/v1/onboarding/questions | traceId=77059808-b9c9-4a81-a6cc-983daa04f550 | userId=accia25@naver.com
-> 이미 온보딩 테스트를 완료했습니다.
2026-05-23 19:10:41.283 WARN  [traceId=77059808-b9c9-4a81-a6cc-983daa04f550] [userId=accia25@naver.com] [GET /api/v1/onboarding/questions] o.s.w.s.m.m.a.ExceptionHandlerExceptionResolver - Resolved [com.ssac.ssacbackend.common.exception.ConflictException: 이미 온보딩 테스트를 완료했습니다.]
2026-05-23 19:10:46.748 WARN  [traceId=3e83d629-5156-4a4f-adfc-cee0fc400dd7] [userId=accia25@naver.com] [GET /api/v1/onboarding/questions] c.s.s.c.e.GlobalExceptionHandler - [ONBOARDING-002] GET /api/v1/onboarding/questions | traceId=3e83d629-5156-4a4f-adfc-cee0fc400dd7 | userId=accia25@naver.com
-> 이미 온보딩 테스트를 완료했습니다.
2026-05-23 19:10:46.749 WARN  [traceId=3e83d629-5156-4a4f-adfc-cee0fc400dd7] [userId=accia25@naver.com] [GET /api/v1/onboarding/questions] o.s.w.s.m.m.a.ExceptionHandlerExceptionResolver - Resolved [com.ssac.ssacbackend.common.exception.ConflictException: 이미 온보딩 테스트를 완료했습니다.]
