2026-05-13 10:54:34.382 WARN  [traceId=] [userId=] [ ] o.s.b.j.a.JpaBaseConfiguration$JpaWebConfiguration - spring.jpa.open-in-view is enabled by default. Therefore, database queries may be performed during view rendering. Explicitly configure spring.jpa.open-in-view to disable this warning
2026-05-13 12:17:20.037 WARN  [traceId=] [userId=] [ ] o.s.b.j.a.JpaBaseConfiguration$JpaWebConfiguration - spring.jpa.open-in-view is enabled by default. Therefore, database queries may be performed during view rendering. Explicitly configure spring.jpa.open-in-view to disable this warning
2026-05-13 12:26:14.694 WARN  [traceId=00df3541-47c6-4a4d-b5f1-681700a8f802] [userId=anonymous] [GET /api/ab-test/menu] c.s.s.c.e.GlobalExceptionHandler - [EVENT-001] GET /api/ab-test/menu | traceId=00df3541-47c6-4a4d-b5f1-681700a8f802 | userId=anonymous
-> userId 또는 guestId 중 하나는 반드시 필요합니다.
2026-05-13 12:26:14.713 WARN  [traceId=00df3541-47c6-4a4d-b5f1-681700a8f802] [userId=anonymous] [GET /api/ab-test/menu] o.s.w.s.m.m.a.ExceptionHandlerExceptionResolver - Resolved [com.ssac.ssacbackend.common.exception.BadRequestException: userId 또는 guestId 중 하나는 반드시 필요합니다.]
2026-05-13 12:26:14.747 WARN  [traceId=aca84ef4-43ee-47aa-9cdb-7a9465b32f9b] [userId=anonymous] [GET /api/ab-test/menu] c.s.s.c.e.GlobalExceptionHandler - [EVENT-001] GET /api/ab-test/menu | traceId=aca84ef4-43ee-47aa-9cdb-7a9465b32f9b | userId=anonymous
-> userId 또는 guestId 중 하나는 반드시 필요합니다.
2026-05-13 12:26:14.749 WARN  [traceId=aca84ef4-43ee-47aa-9cdb-7a9465b32f9b] [userId=anonymous] [GET /api/ab-test/menu] o.s.w.s.m.m.a.ExceptionHandlerExceptionResolver - Resolved [com.ssac.ssacbackend.common.exception.BadRequestException: userId 또는 guestId 중 하나는 반드시 필요합니다.]
2026-05-13 12:26:19.652 WARN  [traceId=18649231-6fac-47a3-9bc4-c83e85ee645a] [userId=anonymous] [GET /api/ab-test/menu] c.s.s.c.e.GlobalExceptionHandler - [EVENT-001] GET /api/ab-test/menu | traceId=18649231-6fac-47a3-9bc4-c83e85ee645a | userId=anonymous
-> userId 또는 guestId 중 하나는 반드시 필요합니다.
2026-05-13 12:26:19.653 WARN  [traceId=18649231-6fac-47a3-9bc4-c83e85ee645a] [userId=anonymous] [GET /api/ab-test/menu] o.s.w.s.m.m.a.ExceptionHandlerExceptionResolver - Resolved [com.ssac.ssacbackend.common.exception.BadRequestException: userId 또는 guestId 중 하나는 반드시 필요합니다.]
2026-05-13 12:26:19.679 WARN  [traceId=0b5fd14a-48e2-4480-81d4-57398ab7fef2] [userId=anonymous] [GET /api/ab-test/menu] c.s.s.c.e.GlobalExceptionHandler - [EVENT-001] GET /api/ab-test/menu | traceId=0b5fd14a-48e2-4480-81d4-57398ab7fef2 | userId=anonymous
-> userId 또는 guestId 중 하나는 반드시 필요합니다.
2026-05-13 12:26:19.681 WARN  [traceId=0b5fd14a-48e2-4480-81d4-57398ab7fef2] [userId=anonymous] [GET /api/ab-test/menu] o.s.w.s.m.m.a.ExceptionHandlerExceptionResolver - Resolved [com.ssac.ssacbackend.common.exception.BadRequestException: userId 또는 guestId 중 하나는 반드시 필요합니다.]
2026-05-13 12:26:20.696 WARN  [traceId=9b46d805-9402-4e50-8891-088e29769def] [userId=4866927517@kakao.com] [GET /api/ab-test/menu] c.s.s.c.e.GlobalExceptionHandler - [EVENT-001] GET /api/ab-test/menu | traceId=9b46d805-9402-4e50-8891-088e29769def | userId=4866927517@kakao.com
-> userId 또는 guestId 중 하나는 반드시 필요합니다.
2026-05-13 12:26:20.706 WARN  [traceId=9b46d805-9402-4e50-8891-088e29769def] [userId=4866927517@kakao.com] [GET /api/ab-test/menu] o.s.w.s.m.m.a.ExceptionHandlerExceptionResolver - Resolved [com.ssac.ssacbackend.common.exception.BadRequestException: userId 또는 guestId 중 하나는 반드시 필요합니다.]
2026-05-13 12:26:20.746 WARN  [traceId=9357657b-817a-42f0-9875-a4b96fd0fc56] [userId=4866927517@kakao.com] [GET /api/ab-test/menu] c.s.s.c.e.GlobalExceptionHandler - [EVENT-001] GET /api/ab-test/menu | traceId=9357657b-817a-42f0-9875-a4b96fd0fc56 | userId=4866927517@kakao.com
-> userId 또는 guestId 중 하나는 반드시 필요합니다.
2026-05-13 12:26:20.746 WARN  [traceId=9357657b-817a-42f0-9875-a4b96fd0fc56] [userId=4866927517@kakao.com] [GET /api/ab-test/menu] o.s.w.s.m.m.a.ExceptionHandlerExceptionResolver - Resolved [com.ssac.ssacbackend.common.exception.BadRequestException: userId 또는 guestId 중 하나는 반드시 필요합니다.]
2026-05-13 12:26:35.464 WARN  [traceId=692a7667-cc64-40b0-8266-3b46bf2fd0bb] [userId=anonymous] [GET /api/ab-test/menu] c.s.s.c.e.GlobalExceptionHandler - [EVENT-001] GET /api/ab-test/menu | traceId=692a7667-cc64-40b0-8266-3b46bf2fd0bb | userId=anonymous
-> userId 또는 guestId 중 하나는 반드시 필요합니다.
2026-05-13 12:26:35.465 WARN  [traceId=692a7667-cc64-40b0-8266-3b46bf2fd0bb] [userId=anonymous] [GET /api/ab-test/menu] o.s.w.s.m.m.a.ExceptionHandlerExceptionResolver - Resolved [com.ssac.ssacbackend.common.exception.BadRequestException: userId 또는 guestId 중 하나는 반드시 필요합니다.]
2026-05-13 12:26:35.496 WARN  [traceId=692e690d-fa07-47b1-aa6e-d64be92724bf] [userId=anonymous] [GET /api/ab-test/menu] c.s.s.c.e.GlobalExceptionHandler - [EVENT-001] GET /api/ab-test/menu | traceId=692e690d-fa07-47b1-aa6e-d64be92724bf | userId=anonymous
-> userId 또는 guestId 중 하나는 반드시 필요합니다.
2026-05-13 12:26:35.498 WARN  [traceId=692e690d-fa07-47b1-aa6e-d64be92724bf] [userId=anonymous] [GET /api/ab-test/menu] o.s.w.s.m.m.a.ExceptionHandlerExceptionResolver - Resolved [com.ssac.ssacbackend.common.exception.BadRequestException: userId 또는 guestId 중 하나는 반드시 필요합니다.]
2026-05-13 12:26:35.948 WARN  [traceId=66189515-ac18-4590-91f1-fabc95ddf8fa] [userId=4866927517@kakao.com] [GET /api/ab-test/menu] c.s.s.c.e.GlobalExceptionHandler - [EVENT-001] GET /api/ab-test/menu | traceId=66189515-ac18-4590-91f1-fabc95ddf8fa | userId=4866927517@kakao.com
-> userId 또는 guestId 중 하나는 반드시 필요합니다.
2026-05-13 12:26:35.949 WARN  [traceId=66189515-ac18-4590-91f1-fabc95ddf8fa] [userId=4866927517@kakao.com] [GET /api/ab-test/menu] o.s.w.s.m.m.a.ExceptionHandlerExceptionResolver - Resolved [com.ssac.ssacbackend.common.exception.BadRequestException: userId 또는 guestId 중 하나는 반드시 필요합니다.]
2026-05-13 12:26:36.016 WARN  [traceId=b663ecb0-99fe-4ae3-ade7-a21840ac4015] [userId=4866927517@kakao.com] [GET /api/ab-test/menu] c.s.s.c.e.GlobalExceptionHandler - [EVENT-001] GET /api/ab-test/menu | traceId=b663ecb0-99fe-4ae3-ade7-a21840ac4015 | userId=4866927517@kakao.com
-> userId 또는 guestId 중 하나는 반드시 필요합니다.
2026-05-13 12:26:36.018 WARN  [traceId=b663ecb0-99fe-4ae3-ade7-a21840ac4015] [userId=4866927517@kakao.com] [GET /api/ab-test/menu] o.s.w.s.m.m.a.ExceptionHandlerExceptionResolver - Resolved [com.ssac.ssacbackend.common.exception.BadRequestException: userId 또는 guestId 중 하나는 반드시 필요합니다.]
2026-05-13 12:26:50.640 WARN  [traceId=929bcb28-c7df-4d18-9fca-ebb31a0870cd] [userId=anonymous] [GET /api/ab-test/menu] c.s.s.c.e.GlobalExceptionHandler - [EVENT-001] GET /api/ab-test/menu | traceId=929bcb28-c7df-4d18-9fca-ebb31a0870cd | userId=anonymous
-> userId 또는 guestId 중 하나는 반드시 필요합니다.
2026-05-13 12:26:50.641 WARN  [traceId=929bcb28-c7df-4d18-9fca-ebb31a0870cd] [userId=anonymous] [GET /api/ab-test/menu] o.s.w.s.m.m.a.ExceptionHandlerExceptionResolver - Resolved [com.ssac.ssacbackend.common.exception.BadRequestException: userId 또는 guestId 중 하나는 반드시 필요합니다.]
2026-05-13 12:26:50.685 WARN  [traceId=44302006-9048-41f2-8fb7-1d34035b0a54] [userId=anonymous] [GET /api/ab-test/menu] c.s.s.c.e.GlobalExceptionHandler - [EVENT-001] GET /api/ab-test/menu | traceId=44302006-9048-41f2-8fb7-1d34035b0a54 | userId=anonymous
-> userId 또는 guestId 중 하나는 반드시 필요합니다.
2026-05-13 12:26:50.685 WARN  [traceId=44302006-9048-41f2-8fb7-1d34035b0a54] [userId=anonymous] [GET /api/ab-test/menu] o.s.w.s.m.m.a.ExceptionHandlerExceptionResolver - Resolved [com.ssac.ssacbackend.common.exception.BadRequestException: userId 또는 guestId 중 하나는 반드시 필요합니다.]
2026-05-13 12:26:51.091 WARN  [traceId=7bf5dea0-e813-4d05-bc7e-6aab1b796c50] [userId=accia25@naver.com] [GET /api/ab-test/menu] c.s.s.c.e.GlobalExceptionHandler - [EVENT-001] GET /api/ab-test/menu | traceId=7bf5dea0-e813-4d05-bc7e-6aab1b796c50 | userId=accia25@naver.com
-> userId 또는 guestId 중 하나는 반드시 필요합니다.
2026-05-13 12:26:51.091 WARN  [traceId=7bf5dea0-e813-4d05-bc7e-6aab1b796c50] [userId=accia25@naver.com] [GET /api/ab-test/menu] o.s.w.s.m.m.a.ExceptionHandlerExceptionResolver - Resolved [com.ssac.ssacbackend.common.exception.BadRequestException: userId 또는 guestId 중 하나는 반드시 필요합니다.]
2026-05-13 12:26:51.137 WARN  [traceId=5d68fb3b-f851-4b83-b7a8-23c5b35fad50] [userId=accia25@naver.com] [GET /api/ab-test/menu] c.s.s.c.e.GlobalExceptionHandler - [EVENT-001] GET /api/ab-test/menu | traceId=5d68fb3b-f851-4b83-b7a8-23c5b35fad50 | userId=accia25@naver.com
-> userId 또는 guestId 중 하나는 반드시 필요합니다.
2026-05-13 12:26:51.138 WARN  [traceId=5d68fb3b-f851-4b83-b7a8-23c5b35fad50] [userId=accia25@naver.com] [GET /api/ab-test/menu] o.s.w.s.m.m.a.ExceptionHandlerExceptionResolver - Resolved [com.ssac.ssacbackend.common.exception.BadRequestException: userId 또는 guestId 중 하나는 반드시 필요합니다.]
2026-05-13 15:20:26.903 WARN  [traceId=] [userId=] [ ] o.s.b.j.a.JpaBaseConfiguration$JpaWebConfiguration - spring.jpa.open-in-view is enabled by default. Therefore, database queries may be performed during view rendering. Explicitly configure spring.jpa.open-in-view to disable this warning
2026-05-13 15:37:48.105 WARN  [traceId=] [userId=] [ ] o.s.b.j.a.JpaBaseConfiguration$JpaWebConfiguration - spring.jpa.open-in-view is enabled by default. Therefore, database queries may be performed during view rendering. Explicitly configure spring.jpa.open-in-view to disable this warning
2026-05-13 15:49:48.802 WARN  [traceId=] [userId=] [ ] o.s.b.j.a.JpaBaseConfiguration$JpaWebConfiguration - spring.jpa.open-in-view is enabled by default. Therefore, database queries may be performed during view rendering. Explicitly configure spring.jpa.open-in-view to disable this warning
2026-05-13 15:57:54.365 WARN  [traceId=] [userId=] [ ] o.s.b.j.a.JpaBaseConfiguration$JpaWebConfiguration - spring.jpa.open-in-view is enabled by default. Therefore, database queries may be performed during view rendering. Explicitly configure spring.jpa.open-in-view to disable this warning
2026-05-13 16:32:25.127 WARN  [traceId=] [userId=] [ ] o.s.b.j.a.JpaBaseConfiguration$JpaWebConfiguration - spring.jpa.open-in-view is enabled by default. Therefore, database queries may be performed during view rendering. Explicitly configure spring.jpa.open-in-view to disable this warning
2026-05-13 16:41:14.162 WARN  [traceId=80fc237b-3373-486b-8f47-4ac868e79c85] [userId=anonymous] [GET /api/ab-test/menu] c.s.s.c.e.GlobalExceptionHandler - [EVENT-001] GET /api/ab-test/menu | traceId=80fc237b-3373-486b-8f47-4ac868e79c85 | userId=anonymous
-> userId 또는 guestId 중 하나는 반드시 필요합니다.
2026-05-13 16:41:14.177 WARN  [traceId=80fc237b-3373-486b-8f47-4ac868e79c85] [userId=anonymous] [GET /api/ab-test/menu] o.s.w.s.m.m.a.ExceptionHandlerExceptionResolver - Resolved [com.ssac.ssacbackend.common.exception.BadRequestException: userId 또는 guestId 중 하나는 반드시 필요합니다.]
2026-05-13 16:41:14.215 WARN  [traceId=ba2b6cfc-784e-4088-a910-cdc30259bc97] [userId=anonymous] [GET /api/ab-test/menu] c.s.s.c.e.GlobalExceptionHandler - [EVENT-001] GET /api/ab-test/menu | traceId=ba2b6cfc-784e-4088-a910-cdc30259bc97 | userId=anonymous
-> userId 또는 guestId 중 하나는 반드시 필요합니다.
2026-05-13 16:41:14.217 WARN  [traceId=ba2b6cfc-784e-4088-a910-cdc30259bc97] [userId=anonymous] [GET /api/ab-test/menu] o.s.w.s.m.m.a.ExceptionHandlerExceptionResolver - Resolved [com.ssac.ssacbackend.common.exception.BadRequestException: userId 또는 guestId 중 하나는 반드시 필요합니다.]
2026-05-13 16:41:18.589 WARN  [traceId=4d3423ad-de80-49d2-ab95-3ce12bb87e1b] [userId=anonymous] [GET /api/ab-test/menu] c.s.s.c.e.GlobalExceptionHandler - [EVENT-001] GET /api/ab-test/menu | traceId=4d3423ad-de80-49d2-ab95-3ce12bb87e1b | userId=anonymous
-> userId 또는 guestId 중 하나는 반드시 필요합니다.
2026-05-13 16:41:18.590 WARN  [traceId=4d3423ad-de80-49d2-ab95-3ce12bb87e1b] [userId=anonymous] [GET /api/ab-test/menu] o.s.w.s.m.m.a.ExceptionHandlerExceptionResolver - Resolved [com.ssac.ssacbackend.common.exception.BadRequestException: userId 또는 guestId 중 하나는 반드시 필요합니다.]
2026-05-13 16:41:18.667 WARN  [traceId=61635e81-15bc-4600-ab01-acef4167fccb] [userId=anonymous] [GET /api/ab-test/menu] c.s.s.c.e.GlobalExceptionHandler - [EVENT-001] GET /api/ab-test/menu | traceId=61635e81-15bc-4600-ab01-acef4167fccb | userId=anonymous
-> userId 또는 guestId 중 하나는 반드시 필요합니다.
2026-05-13 16:41:18.668 WARN  [traceId=61635e81-15bc-4600-ab01-acef4167fccb] [userId=anonymous] [GET /api/ab-test/menu] o.s.w.s.m.m.a.ExceptionHandlerExceptionResolver - Resolved [com.ssac.ssacbackend.common.exception.BadRequestException: userId 또는 guestId 중 하나는 반드시 필요합니다.]
2026-05-13 16:41:19.558 WARN  [traceId=f3c54614-6cec-4e30-9bde-cae06e038682] [userId=accia25@naver.com] [GET /api/ab-test/menu] c.s.s.c.e.GlobalExceptionHandler - [EVENT-001] GET /api/ab-test/menu | traceId=f3c54614-6cec-4e30-9bde-cae06e038682 | userId=accia25@naver.com
-> userId 또는 guestId 중 하나는 반드시 필요합니다.
2026-05-13 16:41:19.560 WARN  [traceId=f3c54614-6cec-4e30-9bde-cae06e038682] [userId=accia25@naver.com] [GET /api/ab-test/menu] o.s.w.s.m.m.a.ExceptionHandlerExceptionResolver - Resolved [com.ssac.ssacbackend.common.exception.BadRequestException: userId 또는 guestId 중 하나는 반드시 필요합니다.]
2026-05-13 16:41:19.602 WARN  [traceId=e0fe39a5-8865-4c69-b528-4d0c5179ee7e] [userId=accia25@naver.com] [GET /api/ab-test/menu] c.s.s.c.e.GlobalExceptionHandler - [EVENT-001] GET /api/ab-test/menu | traceId=e0fe39a5-8865-4c69-b528-4d0c5179ee7e | userId=accia25@naver.com
-> userId 또는 guestId 중 하나는 반드시 필요합니다.
2026-05-13 16:41:19.603 WARN  [traceId=e0fe39a5-8865-4c69-b528-4d0c5179ee7e] [userId=accia25@naver.com] [GET /api/ab-test/menu] o.s.w.s.m.m.a.ExceptionHandlerExceptionResolver - Resolved [com.ssac.ssacbackend.common.exception.BadRequestException: userId 또는 guestId 중 하나는 반드시 필요합니다.]
2026-05-13 16:41:25.823 WARN  [traceId=ed41f836-c79b-45c4-a14d-73cb1087bc55] [userId=accia25@naver.com] [GET /api/ab-test/menu] c.s.s.c.e.GlobalExceptionHandler - [EVENT-001] GET /api/ab-test/menu | traceId=ed41f836-c79b-45c4-a14d-73cb1087bc55 | userId=accia25@naver.com
-> userId 또는 guestId 중 하나는 반드시 필요합니다.
2026-05-13 16:41:25.824 WARN  [traceId=ed41f836-c79b-45c4-a14d-73cb1087bc55] [userId=accia25@naver.com] [GET /api/ab-test/menu] o.s.w.s.m.m.a.ExceptionHandlerExceptionResolver - Resolved [com.ssac.ssacbackend.common.exception.BadRequestException: userId 또는 guestId 중 하나는 반드시 필요합니다.]
2026-05-13 16:41:25.863 WARN  [traceId=42904832-75f1-4e7c-b33a-17539839ee95] [userId=accia25@naver.com] [GET /api/ab-test/menu] c.s.s.c.e.GlobalExceptionHandler - [EVENT-001] GET /api/ab-test/menu | traceId=42904832-75f1-4e7c-b33a-17539839ee95 | userId=accia25@naver.com
-> userId 또는 guestId 중 하나는 반드시 필요합니다.
2026-05-13 16:41:25.864 WARN  [traceId=42904832-75f1-4e7c-b33a-17539839ee95] [userId=accia25@naver.com] [GET /api/ab-test/menu] o.s.w.s.m.m.a.ExceptionHandlerExceptionResolver - Resolved [com.ssac.ssacbackend.common.exception.BadRequestException: userId 또는 guestId 중 하나는 반드시 필요합니다.]
2026-05-13 16:42:00.983 WARN  [traceId=] [userId=] [ ] o.a.c.util.SessionIdGeneratorBase - Creation of SecureRandom instance for session ID generation using [SHA1PRNG] took [246] milliseconds.
2026-05-13 16:42:03.060 WARN  [traceId=401d35d2-2634-4203-bcb6-ee59fd0f1d73] [userId=anonymous] [GET /api/ab-test/menu] c.s.s.c.e.GlobalExceptionHandler - [EVENT-001] GET /api/ab-test/menu | traceId=401d35d2-2634-4203-bcb6-ee59fd0f1d73 | userId=anonymous
-> userId 또는 guestId 중 하나는 반드시 필요합니다.
2026-05-13 16:42:03.062 WARN  [traceId=401d35d2-2634-4203-bcb6-ee59fd0f1d73] [userId=anonymous] [GET /api/ab-test/menu] o.s.w.s.m.m.a.ExceptionHandlerExceptionResolver - Resolved [com.ssac.ssacbackend.common.exception.BadRequestException: userId 또는 guestId 중 하나는 반드시 필요합니다.]
2026-05-13 16:42:03.093 WARN  [traceId=ccfc9732-b60c-44c2-a60e-099e0b019629] [userId=anonymous] [GET /api/ab-test/menu] c.s.s.c.e.GlobalExceptionHandler - [EVENT-001] GET /api/ab-test/menu | traceId=ccfc9732-b60c-44c2-a60e-099e0b019629 | userId=anonymous
-> userId 또는 guestId 중 하나는 반드시 필요합니다.
2026-05-13 16:42:03.094 WARN  [traceId=ccfc9732-b60c-44c2-a60e-099e0b019629] [userId=anonymous] [GET /api/ab-test/menu] o.s.w.s.m.m.a.ExceptionHandlerExceptionResolver - Resolved [com.ssac.ssacbackend.common.exception.BadRequestException: userId 또는 guestId 중 하나는 반드시 필요합니다.]
2026-05-13 16:42:03.384 WARN  [traceId=eeceaf8b-7db6-4546-96ad-e3096f3f2aa5] [userId=4866927517@kakao.com] [GET /api/ab-test/menu] c.s.s.c.e.GlobalExceptionHandler - [EVENT-001] GET /api/ab-test/menu | traceId=eeceaf8b-7db6-4546-96ad-e3096f3f2aa5 | userId=4866927517@kakao.com
-> userId 또는 guestId 중 하나는 반드시 필요합니다.
2026-05-13 16:42:03.386 WARN  [traceId=eeceaf8b-7db6-4546-96ad-e3096f3f2aa5] [userId=4866927517@kakao.com] [GET /api/ab-test/menu] o.s.w.s.m.m.a.ExceptionHandlerExceptionResolver - Resolved [com.ssac.ssacbackend.common.exception.BadRequestException: userId 또는 guestId 중 하나는 반드시 필요합니다.]
2026-05-13 16:42:03.443 WARN  [traceId=7515e865-790d-406a-9df5-fc53573810ae] [userId=4866927517@kakao.com] [GET /api/ab-test/menu] c.s.s.c.e.GlobalExceptionHandler - [EVENT-001] GET /api/ab-test/menu | traceId=7515e865-790d-406a-9df5-fc53573810ae | userId=4866927517@kakao.com
-> userId 또는 guestId 중 하나는 반드시 필요합니다.
2026-05-13 16:42:03.443 WARN  [traceId=7515e865-790d-406a-9df5-fc53573810ae] [userId=4866927517@kakao.com] [GET /api/ab-test/menu] o.s.w.s.m.m.a.ExceptionHandlerExceptionResolver - Resolved [com.ssac.ssacbackend.common.exception.BadRequestException: userId 또는 guestId 중 하나는 반드시 필요합니다.]
2026-05-13 16:42:46.035 WARN  [traceId=8356b587-b139-4dae-8eae-2e943e6bfaf2] [userId=anonymous] [GET /api/ab-test/menu] c.s.s.c.e.GlobalExceptionHandler - [EVENT-001] GET /api/ab-test/menu | traceId=8356b587-b139-4dae-8eae-2e943e6bfaf2 | userId=anonymous
-> userId 또는 guestId 중 하나는 반드시 필요합니다.
2026-05-13 16:42:46.037 WARN  [traceId=8356b587-b139-4dae-8eae-2e943e6bfaf2] [userId=anonymous] [GET /api/ab-test/menu] o.s.w.s.m.m.a.ExceptionHandlerExceptionResolver - Resolved [com.ssac.ssacbackend.common.exception.BadRequestException: userId 또는 guestId 중 하나는 반드시 필요합니다.]
2026-05-13 16:42:46.072 WARN  [traceId=443dc74b-5836-40f0-85dc-2fac588fd686] [userId=anonymous] [GET /api/ab-test/menu] c.s.s.c.e.GlobalExceptionHandler - [EVENT-001] GET /api/ab-test/menu | traceId=443dc74b-5836-40f0-85dc-2fac588fd686 | userId=anonymous
-> userId 또는 guestId 중 하나는 반드시 필요합니다.
2026-05-13 16:42:46.074 WARN  [traceId=443dc74b-5836-40f0-85dc-2fac588fd686] [userId=anonymous] [GET /api/ab-test/menu] o.s.w.s.m.m.a.ExceptionHandlerExceptionResolver - Resolved [com.ssac.ssacbackend.common.exception.BadRequestException: userId 또는 guestId 중 하나는 반드시 필요합니다.]
2026-05-13 16:43:48.590 WARN  [traceId=c16a299a-dacb-41cf-81ba-a7afc1d5b48c] [userId=accia25@naver.com] [GET /api/ab-test/menu] c.s.s.c.e.GlobalExceptionHandler - [EVENT-001] GET /api/ab-test/menu | traceId=c16a299a-dacb-41cf-81ba-a7afc1d5b48c | userId=accia25@naver.com
-> userId 또는 guestId 중 하나는 반드시 필요합니다.
2026-05-13 16:43:48.592 WARN  [traceId=c16a299a-dacb-41cf-81ba-a7afc1d5b48c] [userId=accia25@naver.com] [GET /api/ab-test/menu] o.s.w.s.m.m.a.ExceptionHandlerExceptionResolver - Resolved [com.ssac.ssacbackend.common.exception.BadRequestException: userId 또는 guestId 중 하나는 반드시 필요합니다.]
2026-05-13 16:43:48.657 WARN  [traceId=85363e51-ea3a-490f-95bf-e796501336ce] [userId=accia25@naver.com] [GET /api/ab-test/menu] c.s.s.c.e.GlobalExceptionHandler - [EVENT-001] GET /api/ab-test/menu | traceId=85363e51-ea3a-490f-95bf-e796501336ce | userId=accia25@naver.com
-> userId 또는 guestId 중 하나는 반드시 필요합니다.
2026-05-13 16:43:48.658 WARN  [traceId=85363e51-ea3a-490f-95bf-e796501336ce] [userId=accia25@naver.com] [GET /api/ab-test/menu] o.s.w.s.m.m.a.ExceptionHandlerExceptionResolver - Resolved [com.ssac.ssacbackend.common.exception.BadRequestException: userId 또는 guestId 중 하나는 반드시 필요합니다.]
