2026-06-03 13:47:39.697 WARN  [traceId=] [userId=] [ ] o.f.c.i.database.base.Database - Using MySQL 9.1 which is newer than the version Flyway has been verified with. The latest verified version of MySQL is 8.1.
2026-06-03 13:47:39.759 WARN  [traceId=] [userId=] [ ] o.f.c.i.database.base.Database - Using MySQL 9.1 which is newer than the version Flyway has been verified with. The latest verified version of MySQL is 8.1.
2026-06-03 13:47:45.798 WARN  [traceId=] [userId=] [ ] o.s.b.j.a.JpaBaseConfiguration$JpaWebConfiguration - spring.jpa.open-in-view is enabled by default. Therefore, database queries may be performed during view rendering. Explicitly configure spring.jpa.open-in-view to disable this warning
2026-06-03 13:47:47.617 ERROR [traceId=] [userId=] [ ] c.s.s.service.NotionSyncService - Notion 자동 동기화 실패
com.ssac.ssacbackend.common.exception.BadRequestException: Notion 동기화 중 오류가 발생했습니다.
	at com.ssac.ssacbackend.service.NotionSyncService.syncAll(NotionSyncService.java:88)
	at com.ssac.ssacbackend.service.NotionSyncService.scheduledSync(NotionSyncService.java:70)
	at java.base/jdk.internal.reflect.NativeMethodAccessorImpl.invoke0(Native Method)
	at java.base/jdk.internal.reflect.NativeMethodAccessorImpl.invoke(NativeMethodAccessorImpl.java:77)
	at java.base/jdk.internal.reflect.DelegatingMethodAccessorImpl.invoke(DelegatingMethodAccessorImpl.java:43)
	at java.base/java.lang.reflect.Method.invoke(Method.java:569)
	at org.springframework.aop.support.AopUtils.invokeJoinpointUsingReflection(AopUtils.java:359)
	at org.springframework.aop.framework.CglibAopProxy$DynamicAdvisedInterceptor.intercept(CglibAopProxy.java:715)
	at com.ssac.ssacbackend.service.NotionSyncService$$SpringCGLIB$$0.scheduledSync(<generated>)
	at java.base/jdk.internal.reflect.NativeMethodAccessorImpl.invoke0(Native Method)
	at java.base/jdk.internal.reflect.NativeMethodAccessorImpl.invoke(NativeMethodAccessorImpl.java:77)
	at java.base/jdk.internal.reflect.DelegatingMethodAccessorImpl.invoke(DelegatingMethodAccessorImpl.java:43)
	at java.base/java.lang.reflect.Method.invoke(Method.java:569)
	at org.springframework.scheduling.support.ScheduledMethodRunnable.runInternal(ScheduledMethodRunnable.java:128)
	at org.springframework.scheduling.support.ScheduledMethodRunnable.lambda$run$1(ScheduledMethodRunnable.java:122)
	at io.micrometer.observation.Observation.observe(Observation.java:569)
	at org.springframework.scheduling.support.ScheduledMethodRunnable.run(ScheduledMethodRunnable.java:122)
	at org.springframework.scheduling.config.Task$OutcomeTrackingRunnable.run(Task.java:88)
	at org.springframework.scheduling.support.DelegatingErrorHandlingRunnable.run(DelegatingErrorHandlingRunnable.java:54)
	at java.base/java.util.concurrent.Executors$RunnableAdapter.call(Executors.java:539)
	at java.base/java.util.concurrent.FutureTask.runAndReset(FutureTask.java:305)
	at java.base/java.util.concurrent.ScheduledThreadPoolExecutor$ScheduledFutureTask.run(ScheduledThreadPoolExecutor.java:305)
	at java.base/java.util.concurrent.ThreadPoolExecutor.runWorker(ThreadPoolExecutor.java:1136)
	at java.base/java.util.concurrent.ThreadPoolExecutor$Worker.run(ThreadPoolExecutor.java:635)
	at java.base/java.lang.Thread.run(Thread.java:840)
2026-06-03 13:47:50.409 WARN  [traceId=ba404147-4bd7-488d-a188-848c38f96b29] [userId=anonymous] [POST /api/v1/auth/reissue] c.s.s.c.e.GlobalExceptionHandler - [AUTH-003] POST /api/v1/auth/reissue | traceId=ba404147-4bd7-488d-a188-848c38f96b29 | userId=anonymous
-> 유효하지 않은 토큰입니다.
2026-06-03 13:47:50.466 WARN  [traceId=ba404147-4bd7-488d-a188-848c38f96b29] [userId=anonymous] [POST /api/v1/auth/reissue] o.s.w.s.m.m.a.ExceptionHandlerExceptionResolver - Resolved [com.ssac.ssacbackend.common.exception.BadRequestException: 유효하지 않은 토큰입니다.]
2026-06-03 13:48:18.851 ERROR [traceId=9837181e-2e41-4a63-8f94-526696c4499e] [userId=anonymous] [GET /api/v1/auth/naver/login] c.s.s.c.NaverOAuthController - 네이버 로그인 URL 생성 실패: Unable to connect to Redis
2026-06-03 13:48:19.123 WARN  [traceId=6a1c6221-ecf6-4ea1-b32d-b26465799131] [userId=anonymous] [POST /api/v1/auth/reissue] c.s.s.c.e.GlobalExceptionHandler - [AUTH-003] POST /api/v1/auth/reissue | traceId=6a1c6221-ecf6-4ea1-b32d-b26465799131 | userId=anonymous
-> 유효하지 않은 토큰입니다.
2026-06-03 13:48:19.124 WARN  [traceId=6a1c6221-ecf6-4ea1-b32d-b26465799131] [userId=anonymous] [POST /api/v1/auth/reissue] o.s.w.s.m.m.a.ExceptionHandlerExceptionResolver - Resolved [com.ssac.ssacbackend.common.exception.BadRequestException: 유효하지 않은 토큰입니다.]
2026-06-03 13:48:19.147 WARN  [traceId=d44873e8-63c8-4223-8af7-1bf066bd5c3e] [userId=anonymous] [GET /api/ab-test/menu] c.s.s.c.e.GlobalExceptionHandler - [EVENT-001] GET /api/ab-test/menu | traceId=d44873e8-63c8-4223-8af7-1bf066bd5c3e | userId=anonymous
-> userId 또는 guestId 중 하나는 반드시 필요합니다.
2026-06-03 13:48:19.151 WARN  [traceId=d44873e8-63c8-4223-8af7-1bf066bd5c3e] [userId=anonymous] [GET /api/ab-test/menu] o.s.w.s.m.m.a.ExceptionHandlerExceptionResolver - Resolved [com.ssac.ssacbackend.common.exception.BadRequestException: userId 또는 guestId 중 하나는 반드시 필요합니다.]
2026-06-03 13:48:19.192 WARN  [traceId=92d66b75-a26c-4b32-9738-102469b64d23] [userId=anonymous] [GET /api/ab-test/menu] c.s.s.c.e.GlobalExceptionHandler - [EVENT-001] GET /api/ab-test/menu | traceId=92d66b75-a26c-4b32-9738-102469b64d23 | userId=anonymous
-> userId 또는 guestId 중 하나는 반드시 필요합니다.
2026-06-03 13:48:19.193 WARN  [traceId=92d66b75-a26c-4b32-9738-102469b64d23] [userId=anonymous] [GET /api/ab-test/menu] o.s.w.s.m.m.a.ExceptionHandlerExceptionResolver - Resolved [com.ssac.ssacbackend.common.exception.BadRequestException: userId 또는 guestId 중 하나는 반드시 필요합니다.]
2026-06-03 13:48:33.133 ERROR [traceId=6c429aa8-1685-4310-9bbb-91c0c5202e37] [userId=anonymous] [GET /api/v1/auth/naver/login] c.s.s.c.NaverOAuthController - 네이버 로그인 URL 생성 실패: Unable to connect to Redis
2026-06-03 13:48:33.349 WARN  [traceId=5c459d0f-30f8-45e1-9063-23c6b7d82f79] [userId=anonymous] [GET /api/ab-test/menu] c.s.s.c.e.GlobalExceptionHandler - [EVENT-001] GET /api/ab-test/menu | traceId=5c459d0f-30f8-45e1-9063-23c6b7d82f79 | userId=anonymous
-> userId 또는 guestId 중 하나는 반드시 필요합니다.
2026-06-03 13:48:33.350 WARN  [traceId=5c459d0f-30f8-45e1-9063-23c6b7d82f79] [userId=anonymous] [GET /api/ab-test/menu] o.s.w.s.m.m.a.ExceptionHandlerExceptionResolver - Resolved [com.ssac.ssacbackend.common.exception.BadRequestException: userId 또는 guestId 중 하나는 반드시 필요합니다.]
2026-06-03 13:48:33.355 WARN  [traceId=6d379991-5b39-49e4-8813-4699b5a6517e] [userId=anonymous] [POST /api/v1/auth/reissue] c.s.s.c.e.GlobalExceptionHandler - [AUTH-003] POST /api/v1/auth/reissue | traceId=6d379991-5b39-49e4-8813-4699b5a6517e | userId=anonymous
-> 유효하지 않은 토큰입니다.
2026-06-03 13:48:33.357 WARN  [traceId=6d379991-5b39-49e4-8813-4699b5a6517e] [userId=anonymous] [POST /api/v1/auth/reissue] o.s.w.s.m.m.a.ExceptionHandlerExceptionResolver - Resolved [com.ssac.ssacbackend.common.exception.BadRequestException: 유효하지 않은 토큰입니다.]
2026-06-03 13:48:33.410 WARN  [traceId=3913e09f-5480-4beb-9098-45b860e7ef8d] [userId=anonymous] [GET /api/ab-test/menu] c.s.s.c.e.GlobalExceptionHandler - [EVENT-001] GET /api/ab-test/menu | traceId=3913e09f-5480-4beb-9098-45b860e7ef8d | userId=anonymous
-> userId 또는 guestId 중 하나는 반드시 필요합니다.
2026-06-03 13:48:33.412 WARN  [traceId=3913e09f-5480-4beb-9098-45b860e7ef8d] [userId=anonymous] [GET /api/ab-test/menu] o.s.w.s.m.m.a.ExceptionHandlerExceptionResolver - Resolved [com.ssac.ssacbackend.common.exception.BadRequestException: userId 또는 guestId 중 하나는 반드시 필요합니다.]
2026-06-03 13:50:45.532 ERROR [traceId=e5a0526c-3e57-4b2e-82ba-35de6adc74a4] [userId=anonymous] [GET /api/v1/auth/naver/login] c.s.s.c.NaverOAuthController - 네이버 로그인 URL 생성 실패: Unable to connect to Redis
2026-06-03 13:50:45.766 WARN  [traceId=3f9078bf-525f-4f8d-9590-19fe22254e92] [userId=anonymous] [POST /api/v1/auth/reissue] c.s.s.c.e.GlobalExceptionHandler - [AUTH-003] POST /api/v1/auth/reissue | traceId=3f9078bf-525f-4f8d-9590-19fe22254e92 | userId=anonymous
-> 유효하지 않은 토큰입니다.
2026-06-03 13:50:45.766 WARN  [traceId=3f9078bf-525f-4f8d-9590-19fe22254e92] [userId=anonymous] [POST /api/v1/auth/reissue] o.s.w.s.m.m.a.ExceptionHandlerExceptionResolver - Resolved [com.ssac.ssacbackend.common.exception.BadRequestException: 유효하지 않은 토큰입니다.]
2026-06-03 13:50:45.790 WARN  [traceId=5d322d99-ea6c-4787-aa14-5a2051018eb2] [userId=anonymous] [GET /api/ab-test/menu] c.s.s.c.e.GlobalExceptionHandler - [EVENT-001] GET /api/ab-test/menu | traceId=5d322d99-ea6c-4787-aa14-5a2051018eb2 | userId=anonymous
-> userId 또는 guestId 중 하나는 반드시 필요합니다.
2026-06-03 13:50:45.791 WARN  [traceId=5d322d99-ea6c-4787-aa14-5a2051018eb2] [userId=anonymous] [GET /api/ab-test/menu] o.s.w.s.m.m.a.ExceptionHandlerExceptionResolver - Resolved [com.ssac.ssacbackend.common.exception.BadRequestException: userId 또는 guestId 중 하나는 반드시 필요합니다.]
2026-06-03 13:50:45.823 WARN  [traceId=9bb2d737-f999-4b3f-94a6-91584e8d45bf] [userId=anonymous] [GET /api/ab-test/menu] c.s.s.c.e.GlobalExceptionHandler - [EVENT-001] GET /api/ab-test/menu | traceId=9bb2d737-f999-4b3f-94a6-91584e8d45bf | userId=anonymous
-> userId 또는 guestId 중 하나는 반드시 필요합니다.
2026-06-03 13:50:45.824 WARN  [traceId=9bb2d737-f999-4b3f-94a6-91584e8d45bf] [userId=anonymous] [GET /api/ab-test/menu] o.s.w.s.m.m.a.ExceptionHandlerExceptionResolver - Resolved [com.ssac.ssacbackend.common.exception.BadRequestException: userId 또는 guestId 중 하나는 반드시 필요합니다.]
2026-06-03 13:50:47.798 ERROR [traceId=171b77d0-3d40-4b70-b58d-1847913260c9] [userId=anonymous] [GET /api/v1/auth/naver/login] c.s.s.c.NaverOAuthController - 네이버 로그인 URL 생성 실패: Unable to connect to Redis
2026-06-03 13:50:47.965 WARN  [traceId=e7cd8fb4-8caf-45e5-a6ba-03172de0c8fe] [userId=anonymous] [POST /api/v1/auth/reissue] c.s.s.c.e.GlobalExceptionHandler - [AUTH-003] POST /api/v1/auth/reissue | traceId=e7cd8fb4-8caf-45e5-a6ba-03172de0c8fe | userId=anonymous
-> 유효하지 않은 토큰입니다.
2026-06-03 13:50:47.966 WARN  [traceId=e7cd8fb4-8caf-45e5-a6ba-03172de0c8fe] [userId=anonymous] [POST /api/v1/auth/reissue] o.s.w.s.m.m.a.ExceptionHandlerExceptionResolver - Resolved [com.ssac.ssacbackend.common.exception.BadRequestException: 유효하지 않은 토큰입니다.]
2026-06-03 13:50:47.982 WARN  [traceId=a4d637a8-60aa-44f0-a635-c18fc5428052] [userId=anonymous] [GET /api/ab-test/menu] c.s.s.c.e.GlobalExceptionHandler - [EVENT-001] GET /api/ab-test/menu | traceId=a4d637a8-60aa-44f0-a635-c18fc5428052 | userId=anonymous
-> userId 또는 guestId 중 하나는 반드시 필요합니다.
2026-06-03 13:50:47.983 WARN  [traceId=a4d637a8-60aa-44f0-a635-c18fc5428052] [userId=anonymous] [GET /api/ab-test/menu] o.s.w.s.m.m.a.ExceptionHandlerExceptionResolver - Resolved [com.ssac.ssacbackend.common.exception.BadRequestException: userId 또는 guestId 중 하나는 반드시 필요합니다.]
2026-06-03 13:50:48.009 WARN  [traceId=aee3262b-a124-41b8-85fb-4011641b1787] [userId=anonymous] [GET /api/ab-test/menu] c.s.s.c.e.GlobalExceptionHandler - [EVENT-001] GET /api/ab-test/menu | traceId=aee3262b-a124-41b8-85fb-4011641b1787 | userId=anonymous
-> userId 또는 guestId 중 하나는 반드시 필요합니다.
2026-06-03 13:50:48.010 WARN  [traceId=aee3262b-a124-41b8-85fb-4011641b1787] [userId=anonymous] [GET /api/ab-test/menu] o.s.w.s.m.m.a.ExceptionHandlerExceptionResolver - Resolved [com.ssac.ssacbackend.common.exception.BadRequestException: userId 또는 guestId 중 하나는 반드시 필요합니다.]
2026-06-03 13:50:49.945 WARN  [traceId=4ce973f5-7c1f-4dab-a5ac-56d42acbc947] [userId=anonymous] [POST /api/v1/auth/reissue] c.s.s.c.e.GlobalExceptionHandler - [AUTH-003] POST /api/v1/auth/reissue | traceId=4ce973f5-7c1f-4dab-a5ac-56d42acbc947 | userId=anonymous
-> 유효하지 않은 토큰입니다.
2026-06-03 13:50:49.947 WARN  [traceId=4ce973f5-7c1f-4dab-a5ac-56d42acbc947] [userId=anonymous] [POST /api/v1/auth/reissue] o.s.w.s.m.m.a.ExceptionHandlerExceptionResolver - Resolved [com.ssac.ssacbackend.common.exception.BadRequestException: 유효하지 않은 토큰입니다.]
2026-06-03 13:50:53.370 ERROR [traceId=4106433b-3c3d-4e69-9111-58b3fbdca522] [userId=anonymous] [GET /api/v1/auth/naver/login] c.s.s.c.NaverOAuthController - 네이버 로그인 URL 생성 실패: Unable to connect to Redis
2026-06-03 13:50:53.516 WARN  [traceId=63018931-3577-4666-ae6b-ecf6e83a755d] [userId=anonymous] [POST /api/v1/auth/reissue] c.s.s.c.e.GlobalExceptionHandler - [AUTH-003] POST /api/v1/auth/reissue | traceId=63018931-3577-4666-ae6b-ecf6e83a755d | userId=anonymous
-> 유효하지 않은 토큰입니다.
2026-06-03 13:50:53.517 WARN  [traceId=63018931-3577-4666-ae6b-ecf6e83a755d] [userId=anonymous] [POST /api/v1/auth/reissue] o.s.w.s.m.m.a.ExceptionHandlerExceptionResolver - Resolved [com.ssac.ssacbackend.common.exception.BadRequestException: 유효하지 않은 토큰입니다.]
2026-06-03 13:50:53.530 WARN  [traceId=4221bb63-0011-495c-8d00-b56791ed8bf3] [userId=anonymous] [GET /api/ab-test/menu] c.s.s.c.e.GlobalExceptionHandler - [EVENT-001] GET /api/ab-test/menu | traceId=4221bb63-0011-495c-8d00-b56791ed8bf3 | userId=anonymous
-> userId 또는 guestId 중 하나는 반드시 필요합니다.
2026-06-03 13:50:53.532 WARN  [traceId=4221bb63-0011-495c-8d00-b56791ed8bf3] [userId=anonymous] [GET /api/ab-test/menu] o.s.w.s.m.m.a.ExceptionHandlerExceptionResolver - Resolved [com.ssac.ssacbackend.common.exception.BadRequestException: userId 또는 guestId 중 하나는 반드시 필요합니다.]
2026-06-03 13:50:53.559 WARN  [traceId=018c475c-9948-4bba-b47a-4b314df0a757] [userId=anonymous] [GET /api/ab-test/menu] c.s.s.c.e.GlobalExceptionHandler - [EVENT-001] GET /api/ab-test/menu | traceId=018c475c-9948-4bba-b47a-4b314df0a757 | userId=anonymous
-> userId 또는 guestId 중 하나는 반드시 필요합니다.
2026-06-03 13:50:53.560 WARN  [traceId=018c475c-9948-4bba-b47a-4b314df0a757] [userId=anonymous] [GET /api/ab-test/menu] o.s.w.s.m.m.a.ExceptionHandlerExceptionResolver - Resolved [com.ssac.ssacbackend.common.exception.BadRequestException: userId 또는 guestId 중 하나는 반드시 필요합니다.]
2026-06-03 13:51:07.183 WARN  [traceId=] [userId=] [ ] o.a.c.util.SessionIdGeneratorBase - Creation of SecureRandom instance for session ID generation using [SHA1PRNG] took [191] milliseconds.
2026-06-03 13:51:34.785 ERROR [traceId=] [userId=] [ ] o.a.c.c.C.[.[.[.[dispatcherServlet] - Servlet.service() for servlet [dispatcherServlet] in context with path [] threw exception
org.springframework.data.redis.RedisConnectionFailureException: Unable to connect to Redis
	at org.springframework.data.redis.connection.lettuce.LettuceConnectionFactory$ExceptionTranslatingConnectionProvider.translateException(LettuceConnectionFactory.java:1868)
	at org.springframework.data.redis.connection.lettuce.LettuceConnectionFactory$ExceptionTranslatingConnectionProvider.getConnection(LettuceConnectionFactory.java:1799)
	at org.springframework.data.redis.connection.lettuce.LettuceConnectionFactory$SharedConnection.getNativeConnection(LettuceConnectionFactory.java:1596)
	at org.springframework.data.redis.connection.lettuce.LettuceConnectionFactory$SharedConnection.lambda$getConnection$0(LettuceConnectionFactory.java:1576)
	at org.springframework.data.redis.connection.lettuce.LettuceConnectionFactory.doInLock(LettuceConnectionFactory.java:1537)
	at org.springframework.data.redis.connection.lettuce.LettuceConnectionFactory$SharedConnection.getConnection(LettuceConnectionFactory.java:1573)
	at org.springframework.data.redis.connection.lettuce.LettuceConnectionFactory.getSharedConnection(LettuceConnectionFactory.java:1258)
	at org.springframework.data.redis.connection.lettuce.LettuceConnectionFactory.getConnection(LettuceConnectionFactory.java:1054)
	at org.springframework.data.redis.core.RedisConnectionUtils.fetchConnection(RedisConnectionUtils.java:195)
	at org.springframework.data.redis.core.RedisConnectionUtils.doGetConnection(RedisConnectionUtils.java:144)
	at org.springframework.data.redis.core.RedisConnectionUtils.getConnection(RedisConnectionUtils.java:105)
	at org.springframework.data.redis.core.RedisTemplate.execute(RedisTemplate.java:401)
	at org.springframework.data.redis.core.RedisTemplate.execute(RedisTemplate.java:381)
	at org.springframework.data.redis.core.AbstractOperations.execute(AbstractOperations.java:166)
	at org.springframework.data.redis.core.DefaultValueOperations.set(DefaultValueOperations.java:208)
	at org.springframework.data.redis.core.ValueOperations.set(ValueOperations.java:111)
	at com.ssac.ssacbackend.service.AuthCodeService.issueForExistingUser(AuthCodeService.java:42)
	at com.ssac.ssacbackend.config.OAuth2SuccessHandler.handleExistingUser(OAuth2SuccessHandler.java:105)
	at com.ssac.ssacbackend.config.OAuth2SuccessHandler.onAuthenticationSuccess(OAuth2SuccessHandler.java:65)
	at org.springframework.security.web.authentication.AbstractAuthenticationProcessingFilter.successfulAuthentication(AbstractAuthenticationProcessingFilter.java:405)
	at org.springframework.security.web.authentication.AbstractAuthenticationProcessingFilter.doFilter(AbstractAuthenticationProcessingFilter.java:280)
	at org.springframework.security.web.authentication.AbstractAuthenticationProcessingFilter.doFilter(AbstractAuthenticationProcessingFilter.java:239)
	at org.springframework.security.web.ObservationFilterChainDecorator$ObservationFilter.wrapFilter(ObservationFilterChainDecorator.java:244)
	at org.springframework.security.web.ObservationFilterChainDecorator$ObservationFilter.doFilter(ObservationFilterChainDecorator.java:231)
	at org.springframework.security.web.ObservationFilterChainDecorator$VirtualFilterChain.doFilter(ObservationFilterChainDecorator.java:141)
	at org.springframework.security.oauth2.client.web.OAuth2AuthorizationRequestRedirectFilter.doFilterInternal(OAuth2AuthorizationRequestRedirectFilter.java:195)
	at org.springframework.web.filter.OncePerRequestFilter.doFilter(OncePerRequestFilter.java:116)
	at org.springframework.security.web.ObservationFilterChainDecorator$ObservationFilter.wrapFilter(ObservationFilterChainDecorator.java:244)
	at org.springframework.security.web.ObservationFilterChainDecorator$ObservationFilter.doFilter(ObservationFilterChainDecorator.java:231)
	at org.springframework.security.web.ObservationFilterChainDecorator$VirtualFilterChain.doFilter(ObservationFilterChainDecorator.java:141)
	at org.springframework.security.web.authentication.logout.LogoutFilter.doFilter(LogoutFilter.java:110)
	at org.springframework.security.web.authentication.logout.LogoutFilter.doFilter(LogoutFilter.java:96)
	at org.springframework.security.web.ObservationFilterChainDecorator$ObservationFilter.wrapFilter(ObservationFilterChainDecorator.java:244)
	at org.springframework.security.web.ObservationFilterChainDecorator$ObservationFilter.doFilter(ObservationFilterChainDecorator.java:231)
	at org.springframework.security.web.ObservationFilterChainDecorator$VirtualFilterChain.doFilter(ObservationFilterChainDecorator.java:141)
	at org.springframework.web.filter.CorsFilter.doFilterInternal(CorsFilter.java:91)
	at org.springframework.web.filter.OncePerRequestFilter.doFilter(OncePerRequestFilter.java:116)
	at org.springframework.security.web.ObservationFilterChainDecorator$ObservationFilter.wrapFilter(ObservationFilterChainDecorator.java:244)
	at org.springframework.security.web.ObservationFilterChainDecorator$ObservationFilter.doFilter(ObservationFilterChainDecorator.java:231)
	at org.springframework.security.web.ObservationFilterChainDecorator$VirtualFilterChain.doFilter(ObservationFilterChainDecorator.java:141)
	at org.springframework.security.web.header.HeaderWriterFilter.doHeadersAfter(HeaderWriterFilter.java:90)
	at org.springframework.security.web.header.HeaderWriterFilter.doFilterInternal(HeaderWriterFilter.java:75)
	at org.springframework.web.filter.OncePerRequestFilter.doFilter(OncePerRequestFilter.java:116)
	at org.springframework.security.web.ObservationFilterChainDecorator$ObservationFilter.wrapFilter(ObservationFilterChainDecorator.java:244)
	at org.springframework.security.web.ObservationFilterChainDecorator$ObservationFilter.doFilter(ObservationFilterChainDecorator.java:231)
	at org.springframework.security.web.ObservationFilterChainDecorator$VirtualFilterChain.doFilter(ObservationFilterChainDecorator.java:141)
	at org.springframework.security.web.context.SecurityContextHolderFilter.doFilter(SecurityContextHolderFilter.java:82)
	at org.springframework.security.web.context.SecurityContextHolderFilter.doFilter(SecurityContextHolderFilter.java:69)
	at org.springframework.security.web.ObservationFilterChainDecorator$ObservationFilter.wrapFilter(ObservationFilterChainDecorator.java:244)
	at org.springframework.security.web.ObservationFilterChainDecorator$ObservationFilter.doFilter(ObservationFilterChainDecorator.java:231)
	at org.springframework.security.web.ObservationFilterChainDecorator$VirtualFilterChain.doFilter(ObservationFilterChainDecorator.java:141)
	at org.springframework.security.web.context.request.async.WebAsyncManagerIntegrationFilter.doFilterInternal(WebAsyncManagerIntegrationFilter.java:62)
	at org.springframework.web.filter.OncePerRequestFilter.doFilter(OncePerRequestFilter.java:116)
	at org.springframework.security.web.ObservationFilterChainDecorator$ObservationFilter.wrapFilter(ObservationFilterChainDecorator.java:244)
	at org.springframework.security.web.ObservationFilterChainDecorator$ObservationFilter.doFilter(ObservationFilterChainDecorator.java:231)
	at org.springframework.security.web.ObservationFilterChainDecorator$VirtualFilterChain.doFilter(ObservationFilterChainDecorator.java:141)
	at org.springframework.security.web.session.DisableEncodeUrlFilter.doFilterInternal(DisableEncodeUrlFilter.java:42)
	at org.springframework.web.filter.OncePerRequestFilter.doFilter(OncePerRequestFilter.java:116)
	at org.springframework.security.web.ObservationFilterChainDecorator$ObservationFilter.wrapFilter(ObservationFilterChainDecorator.java:244)
	at org.springframework.security.web.ObservationFilterChainDecorator$AroundFilterObservation$SimpleAroundFilterObservation.lambda$wrap$0(ObservationFilterChainDecorator.java:337)
	at org.springframework.security.web.ObservationFilterChainDecorator$ObservationFilter.doFilter(ObservationFilterChainDecorator.java:228)
	at org.springframework.security.web.ObservationFilterChainDecorator$VirtualFilterChain.doFilter(ObservationFilterChainDecorator.java:141)
	at org.springframework.security.web.FilterChainProxy.doFilterInternal(FilterChainProxy.java:237)
	at org.springframework.security.web.FilterChainProxy.doFilter(FilterChainProxy.java:195)
	at org.springframework.web.filter.CompositeFilter$VirtualFilterChain.doFilter(CompositeFilter.java:113)
	at org.springframework.web.filter.ServletRequestPathFilter.doFilter(ServletRequestPathFilter.java:52)
	at org.springframework.web.filter.CompositeFilter$VirtualFilterChain.doFilter(CompositeFilter.java:113)
	at org.springframework.web.filter.CompositeFilter.doFilter(CompositeFilter.java:74)
	at org.springframework.security.config.annotation.web.configuration.WebSecurityConfiguration$CompositeFilterChainProxy.doFilter(WebSecurityConfiguration.java:317)
	at org.springframework.web.filter.DelegatingFilterProxy.invokeDelegate(DelegatingFilterProxy.java:355)
	at org.springframework.web.filter.DelegatingFilterProxy.doFilter(DelegatingFilterProxy.java:272)
	at org.apache.catalina.core.ApplicationFilterChain.doFilter(ApplicationFilterChain.java:107)
	at org.springframework.web.filter.RequestContextFilter.doFilterInternal(RequestContextFilter.java:100)
	at org.springframework.web.filter.OncePerRequestFilter.doFilter(OncePerRequestFilter.java:116)
	at org.apache.catalina.core.ApplicationFilterChain.doFilter(ApplicationFilterChain.java:107)
	at org.springframework.web.filter.FormContentFilter.doFilterInternal(FormContentFilter.java:93)
	at org.springframework.web.filter.OncePerRequestFilter.doFilter(OncePerRequestFilter.java:116)
	at org.apache.catalina.core.ApplicationFilterChain.doFilter(ApplicationFilterChain.java:107)
	at org.springframework.web.filter.ServerHttpObservationFilter.doFilterInternal(ServerHttpObservationFilter.java:110)
	at org.springframework.web.filter.OncePerRequestFilter.doFilter(OncePerRequestFilter.java:116)
	at org.apache.catalina.core.ApplicationFilterChain.doFilter(ApplicationFilterChain.java:107)
	at org.springframework.web.filter.CharacterEncodingFilter.doFilterInternal(CharacterEncodingFilter.java:199)
	at org.springframework.web.filter.OncePerRequestFilter.doFilter(OncePerRequestFilter.java:116)
	at org.apache.catalina.core.ApplicationFilterChain.doFilter(ApplicationFilterChain.java:107)
	at com.ssac.ssacbackend.config.CorsRejectionFilter.doFilterInternal(CorsRejectionFilter.java:63)
	at org.springframework.web.filter.OncePerRequestFilter.doFilter(OncePerRequestFilter.java:116)
	at org.apache.catalina.core.ApplicationFilterChain.doFilter(ApplicationFilterChain.java:107)
	at org.apache.catalina.core.StandardWrapperValve.invoke(StandardWrapperValve.java:165)
	at org.apache.catalina.core.StandardContextValve.invoke(StandardContextValve.java:77)
	at org.apache.catalina.authenticator.AuthenticatorBase.invoke(AuthenticatorBase.java:492)
	at org.apache.catalina.core.StandardHostValve.invoke(StandardHostValve.java:113)
	at org.apache.catalina.valves.ErrorReportValve.invoke(ErrorReportValve.java:83)
	at org.apache.catalina.core.StandardEngineValve.invoke(StandardEngineValve.java:72)
	at org.apache.catalina.connector.CoyoteAdapter.service(CoyoteAdapter.java:341)
	at org.apache.coyote.http11.Http11Processor.service(Http11Processor.java:397)
	at org.apache.coyote.AbstractProcessorLight.process(AbstractProcessorLight.java:63)
	at org.apache.coyote.AbstractProtocol$ConnectionHandler.process(AbstractProtocol.java:903)
	at org.apache.tomcat.util.net.NioEndpoint$SocketProcessor.doRun(NioEndpoint.java:1779)
	at org.apache.tomcat.util.net.SocketProcessorBase.run(SocketProcessorBase.java:52)
	at org.apache.tomcat.util.threads.ThreadPoolExecutor.runWorker(ThreadPoolExecutor.java:946)
	at org.apache.tomcat.util.threads.ThreadPoolExecutor$Worker.run(ThreadPoolExecutor.java:480)
	at org.apache.tomcat.util.threads.TaskThread$WrappingRunnable.run(TaskThread.java:57)
	at java.base/java.lang.Thread.run(Thread.java:840)
Caused by: io.lettuce.core.RedisConnectionException: Unable to connect to localhost/<unresolved>:6379
	at io.lettuce.core.RedisConnectionException.create(RedisConnectionException.java:63)
	at io.lettuce.core.RedisConnectionException.create(RedisConnectionException.java:41)
	at io.lettuce.core.AbstractRedisClient.getConnection(AbstractRedisClient.java:352)
	at io.lettuce.core.RedisClient.connect(RedisClient.java:220)
	at org.springframework.data.redis.connection.lettuce.StandaloneConnectionProvider.lambda$getConnection$1(StandaloneConnectionProvider.java:113)
	at java.base/java.util.Optional.orElseGet(Optional.java:364)
	at org.springframework.data.redis.connection.lettuce.StandaloneConnectionProvider.getConnection(StandaloneConnectionProvider.java:113)
	at org.springframework.data.redis.connection.lettuce.LettuceConnectionFactory$ExceptionTranslatingConnectionProvider.getConnection(LettuceConnectionFactory.java:1797)
	... 101 common frames omitted
Caused by: io.netty.channel.AbstractChannel$AnnotatedConnectException: Connection refused: getsockopt: localhost/127.0.0.1:6379
Caused by: java.net.ConnectException: Connection refused: getsockopt
	at java.base/sun.nio.ch.Net.pollConnect(Native Method)
	at java.base/sun.nio.ch.Net.pollConnectNow(Net.java:672)
	at java.base/sun.nio.ch.SocketChannelImpl.finishConnect(SocketChannelImpl.java:946)
	at io.netty.channel.socket.nio.NioSocketChannel.doFinishConnect(NioSocketChannel.java:330)
	at io.netty.channel.nio.AbstractNioChannel$AbstractNioUnsafe.finishConnect(AbstractNioChannel.java:384)
	at io.netty.channel.nio.AbstractNioChannel$AbstractNioUnsafe.handle(AbstractNioChannel.java:432)
	at io.netty.channel.nio.NioIoHandler$DefaultNioRegistration.handle(NioIoHandler.java:388)
	at io.netty.channel.nio.NioIoHandler.processSelectedKey(NioIoHandler.java:596)
	at io.netty.channel.nio.NioIoHandler.processSelectedKeysOptimized(NioIoHandler.java:571)
	at io.netty.channel.nio.NioIoHandler.processSelectedKeys(NioIoHandler.java:512)
	at io.netty.channel.nio.NioIoHandler.run(NioIoHandler.java:484)
	at io.netty.channel.SingleThreadIoEventLoop.runIo(SingleThreadIoEventLoop.java:225)
	at io.netty.channel.SingleThreadIoEventLoop.run(SingleThreadIoEventLoop.java:196)
	at io.netty.util.concurrent.SingleThreadEventExecutor$5.run(SingleThreadEventExecutor.java:1195)
	at io.netty.util.internal.ThreadExecutorMap$2.run(ThreadExecutorMap.java:74)
	at io.netty.util.concurrent.FastThreadLocalRunnable.run(FastThreadLocalRunnable.java:30)
	at java.base/java.lang.Thread.run(Thread.java:840)
2026-06-03 13:51:55.110 WARN  [traceId=] [userId=] [ ] o.a.coyote.http11.Http11Processor - The HTTP response header [Location] with value [http://localhost:8080/?error=인증에 실패했습니다: [authorization_request_not_found] ] has been removed from the response because it is invalid
java.lang.IllegalArgumentException: java.nio.charset.UnmappableCharacterException: Input length = 1
	at org.apache.tomcat.util.buf.MessageBytes.toBytes(MessageBytes.java:291)
	at org.apache.coyote.http11.Http11OutputBuffer.write(Http11OutputBuffer.java:389)
	at org.apache.coyote.http11.Http11OutputBuffer.sendHeader(Http11OutputBuffer.java:368)
	at org.apache.coyote.http11.Http11Processor.writeHeaders(Http11Processor.java:1065)
	at org.apache.coyote.http11.Http11Processor.prepareResponse(Http11Processor.java:1052)
	at org.apache.coyote.AbstractProcessor.action(AbstractProcessor.java:376)
	at org.apache.coyote.Response.action(Response.java:197)
	at org.apache.coyote.Response.commit(Response.java:442)
	at org.apache.catalina.connector.OutputBuffer.doFlush(OutputBuffer.java:272)
	at org.apache.catalina.connector.OutputBuffer.close(OutputBuffer.java:232)
	at org.apache.catalina.connector.Response.finishResponse(Response.java:386)
	at org.apache.catalina.connector.CoyoteAdapter.service(CoyoteAdapter.java:370)
	at org.apache.coyote.http11.Http11Processor.service(Http11Processor.java:397)
	at org.apache.coyote.AbstractProcessorLight.process(AbstractProcessorLight.java:63)
	at org.apache.coyote.AbstractProtocol$ConnectionHandler.process(AbstractProtocol.java:903)
	at org.apache.tomcat.util.net.NioEndpoint$SocketProcessor.doRun(NioEndpoint.java:1779)
	at org.apache.tomcat.util.net.SocketProcessorBase.run(SocketProcessorBase.java:52)
	at org.apache.tomcat.util.threads.ThreadPoolExecutor.runWorker(ThreadPoolExecutor.java:946)
	at org.apache.tomcat.util.threads.ThreadPoolExecutor$Worker.run(ThreadPoolExecutor.java:480)
	at org.apache.tomcat.util.threads.TaskThread$WrappingRunnable.run(TaskThread.java:57)
	at java.base/java.lang.Thread.run(Thread.java:840)
Caused by: java.nio.charset.UnmappableCharacterException: Input length = 1
	at java.base/java.nio.charset.CoderResult.throwException(CoderResult.java:275)
	at java.base/java.nio.charset.CharsetEncoder.encode(CharsetEncoder.java:820)
	at org.apache.tomcat.util.buf.MessageBytes.toBytes(MessageBytes.java:284)
	... 20 common frames omitted
2026-06-03 13:52:00.199 WARN  [traceId=7c40a110-d0f1-4ed3-a6ca-27c70433f21e] [userId=anonymous] [POST /api/v1/auth/reissue] c.s.s.c.e.GlobalExceptionHandler - [AUTH-003] POST /api/v1/auth/reissue | traceId=7c40a110-d0f1-4ed3-a6ca-27c70433f21e | userId=anonymous
-> 유효하지 않은 토큰입니다.
2026-06-03 13:52:00.199 WARN  [traceId=7c40a110-d0f1-4ed3-a6ca-27c70433f21e] [userId=anonymous] [POST /api/v1/auth/reissue] o.s.w.s.m.m.a.ExceptionHandlerExceptionResolver - Resolved [com.ssac.ssacbackend.common.exception.BadRequestException: 유효하지 않은 토큰입니다.]
2026-06-03 13:52:01.335 ERROR [traceId=237ecf6f-c091-43b6-93fe-fe1f0f2aaa61] [userId=anonymous] [GET /api/v1/auth/naver/login] c.s.s.c.NaverOAuthController - 네이버 로그인 URL 생성 실패: Unable to connect to Redis
2026-06-03 13:52:01.547 WARN  [traceId=53768373-b1c8-4301-bd14-c5cb42402fb9] [userId=anonymous] [POST /api/v1/auth/reissue] c.s.s.c.e.GlobalExceptionHandler - [AUTH-003] POST /api/v1/auth/reissue | traceId=53768373-b1c8-4301-bd14-c5cb42402fb9 | userId=anonymous
-> 유효하지 않은 토큰입니다.
2026-06-03 13:52:01.547 WARN  [traceId=53768373-b1c8-4301-bd14-c5cb42402fb9] [userId=anonymous] [POST /api/v1/auth/reissue] o.s.w.s.m.m.a.ExceptionHandlerExceptionResolver - Resolved [com.ssac.ssacbackend.common.exception.BadRequestException: 유효하지 않은 토큰입니다.]
2026-06-03 13:52:01.575 WARN  [traceId=6304cf87-7f51-4c95-960a-1a548646482e] [userId=anonymous] [GET /api/ab-test/menu] c.s.s.c.e.GlobalExceptionHandler - [EVENT-001] GET /api/ab-test/menu | traceId=6304cf87-7f51-4c95-960a-1a548646482e | userId=anonymous
-> userId 또는 guestId 중 하나는 반드시 필요합니다.
2026-06-03 13:52:01.576 WARN  [traceId=6304cf87-7f51-4c95-960a-1a548646482e] [userId=anonymous] [GET /api/ab-test/menu] o.s.w.s.m.m.a.ExceptionHandlerExceptionResolver - Resolved [com.ssac.ssacbackend.common.exception.BadRequestException: userId 또는 guestId 중 하나는 반드시 필요합니다.]
2026-06-03 13:52:01.600 WARN  [traceId=e3358a02-5b61-41b8-8009-739fc807468e] [userId=anonymous] [GET /api/ab-test/menu] c.s.s.c.e.GlobalExceptionHandler - [EVENT-001] GET /api/ab-test/menu | traceId=e3358a02-5b61-41b8-8009-739fc807468e | userId=anonymous
-> userId 또는 guestId 중 하나는 반드시 필요합니다.
2026-06-03 13:52:01.601 WARN  [traceId=e3358a02-5b61-41b8-8009-739fc807468e] [userId=anonymous] [GET /api/ab-test/menu] o.s.w.s.m.m.a.ExceptionHandlerExceptionResolver - Resolved [com.ssac.ssacbackend.common.exception.BadRequestException: userId 또는 guestId 중 하나는 반드시 필요합니다.]
2026-06-03 13:52:23.743 WARN  [traceId=] [userId=] [ ] o.f.c.i.database.base.Database - Using MySQL 9.1 which is newer than the version Flyway has been verified with. The latest verified version of MySQL is 8.1.
2026-06-03 13:52:23.816 WARN  [traceId=] [userId=] [ ] o.f.c.i.database.base.Database - Using MySQL 9.1 which is newer than the version Flyway has been verified with. The latest verified version of MySQL is 8.1.
2026-06-03 13:52:27.620 WARN  [traceId=] [userId=] [ ] o.s.b.j.a.JpaBaseConfiguration$JpaWebConfiguration - spring.jpa.open-in-view is enabled by default. Therefore, database queries may be performed during view rendering. Explicitly configure spring.jpa.open-in-view to disable this warning
2026-06-03 13:52:28.567 ERROR [traceId=] [userId=] [ ] c.s.s.service.NotionSyncService - Notion 자동 동기화 실패
com.ssac.ssacbackend.common.exception.BadRequestException: Notion 동기화 중 오류가 발생했습니다.
	at com.ssac.ssacbackend.service.NotionSyncService.syncAll(NotionSyncService.java:88)
	at com.ssac.ssacbackend.service.NotionSyncService.scheduledSync(NotionSyncService.java:70)
	at java.base/jdk.internal.reflect.NativeMethodAccessorImpl.invoke0(Native Method)
	at java.base/jdk.internal.reflect.NativeMethodAccessorImpl.invoke(NativeMethodAccessorImpl.java:77)
	at java.base/jdk.internal.reflect.DelegatingMethodAccessorImpl.invoke(DelegatingMethodAccessorImpl.java:43)
	at java.base/java.lang.reflect.Method.invoke(Method.java:569)
	at org.springframework.aop.support.AopUtils.invokeJoinpointUsingReflection(AopUtils.java:359)
	at org.springframework.aop.framework.CglibAopProxy$DynamicAdvisedInterceptor.intercept(CglibAopProxy.java:715)
	at com.ssac.ssacbackend.service.NotionSyncService$$SpringCGLIB$$0.scheduledSync(<generated>)
	at java.base/jdk.internal.reflect.NativeMethodAccessorImpl.invoke0(Native Method)
	at java.base/jdk.internal.reflect.NativeMethodAccessorImpl.invoke(NativeMethodAccessorImpl.java:77)
	at java.base/jdk.internal.reflect.DelegatingMethodAccessorImpl.invoke(DelegatingMethodAccessorImpl.java:43)
	at java.base/java.lang.reflect.Method.invoke(Method.java:569)
	at org.springframework.scheduling.support.ScheduledMethodRunnable.runInternal(ScheduledMethodRunnable.java:128)
	at org.springframework.scheduling.support.ScheduledMethodRunnable.lambda$run$1(ScheduledMethodRunnable.java:122)
	at io.micrometer.observation.Observation.observe(Observation.java:569)
	at org.springframework.scheduling.support.ScheduledMethodRunnable.run(ScheduledMethodRunnable.java:122)
	at org.springframework.scheduling.config.Task$OutcomeTrackingRunnable.run(Task.java:88)
	at org.springframework.scheduling.support.DelegatingErrorHandlingRunnable.run(DelegatingErrorHandlingRunnable.java:54)
	at java.base/java.util.concurrent.Executors$RunnableAdapter.call(Executors.java:539)
	at java.base/java.util.concurrent.FutureTask.runAndReset(FutureTask.java:305)
	at java.base/java.util.concurrent.ScheduledThreadPoolExecutor$ScheduledFutureTask.run(ScheduledThreadPoolExecutor.java:305)
	at java.base/java.util.concurrent.ThreadPoolExecutor.runWorker(ThreadPoolExecutor.java:1136)
	at java.base/java.util.concurrent.ThreadPoolExecutor$Worker.run(ThreadPoolExecutor.java:635)
	at java.base/java.lang.Thread.run(Thread.java:840)
2026-06-03 13:52:40.621 ERROR [traceId=7f9c0b11-28e7-41a0-8072-3e01800c4fdc] [userId=anonymous] [GET /api/v1/auth/naver/login] c.s.s.c.NaverOAuthController - 네이버 로그인 URL 생성 실패: Unable to connect to Redis
2026-06-03 13:52:40.821 WARN  [traceId=299f0852-982d-4256-9fd9-15f11794050b] [userId=anonymous] [GET /api/ab-test/menu] c.s.s.c.e.GlobalExceptionHandler - [EVENT-001] GET /api/ab-test/menu | traceId=299f0852-982d-4256-9fd9-15f11794050b | userId=anonymous
-> userId 또는 guestId 중 하나는 반드시 필요합니다.
2026-06-03 13:52:40.858 WARN  [traceId=299f0852-982d-4256-9fd9-15f11794050b] [userId=anonymous] [GET /api/ab-test/menu] o.s.w.s.m.m.a.ExceptionHandlerExceptionResolver - Resolved [com.ssac.ssacbackend.common.exception.BadRequestException: userId 또는 guestId 중 하나는 반드시 필요합니다.]
2026-06-03 13:52:40.888 WARN  [traceId=1d479199-0706-4f25-982b-4851c56b2e9b] [userId=anonymous] [GET /api/ab-test/menu] c.s.s.c.e.GlobalExceptionHandler - [EVENT-001] GET /api/ab-test/menu | traceId=1d479199-0706-4f25-982b-4851c56b2e9b | userId=anonymous
-> userId 또는 guestId 중 하나는 반드시 필요합니다.
2026-06-03 13:52:40.891 WARN  [traceId=1d479199-0706-4f25-982b-4851c56b2e9b] [userId=anonymous] [GET /api/ab-test/menu] o.s.w.s.m.m.a.ExceptionHandlerExceptionResolver - Resolved [com.ssac.ssacbackend.common.exception.BadRequestException: userId 또는 guestId 중 하나는 반드시 필요합니다.]
2026-06-03 13:52:40.971 WARN  [traceId=89222be9-4f30-4ecc-aec0-29f08b3f12af] [userId=anonymous] [POST /api/v1/auth/reissue] c.s.s.c.e.GlobalExceptionHandler - [AUTH-003] POST /api/v1/auth/reissue | traceId=89222be9-4f30-4ecc-aec0-29f08b3f12af | userId=anonymous
-> 유효하지 않은 토큰입니다.
2026-06-03 13:52:40.971 WARN  [traceId=89222be9-4f30-4ecc-aec0-29f08b3f12af] [userId=anonymous] [POST /api/v1/auth/reissue] o.s.w.s.m.m.a.ExceptionHandlerExceptionResolver - Resolved [com.ssac.ssacbackend.common.exception.BadRequestException: 유효하지 않은 토큰입니다.]
2026-06-03 13:52:57.549 WARN  [traceId=88b8eab4-59c4-413b-a73e-8d30d312d8e0] [userId=anonymous] [POST /api/v1/auth/reissue] c.s.s.c.e.GlobalExceptionHandler - [AUTH-003] POST /api/v1/auth/reissue | traceId=88b8eab4-59c4-413b-a73e-8d30d312d8e0 | userId=anonymous
-> 유효하지 않은 토큰입니다.
2026-06-03 13:52:57.549 WARN  [traceId=88b8eab4-59c4-413b-a73e-8d30d312d8e0] [userId=anonymous] [POST /api/v1/auth/reissue] o.s.w.s.m.m.a.ExceptionHandlerExceptionResolver - Resolved [com.ssac.ssacbackend.common.exception.BadRequestException: 유효하지 않은 토큰입니다.]
2026-06-03 13:52:57.633 WARN  [traceId=d4f608de-5528-4249-b2c3-a2b44b142491] [userId=anonymous] [POST /api/v1/auth/reissue] c.s.s.c.e.GlobalExceptionHandler - [AUTH-003] POST /api/v1/auth/reissue | traceId=d4f608de-5528-4249-b2c3-a2b44b142491 | userId=anonymous
-> 유효하지 않은 토큰입니다.
2026-06-03 13:52:57.635 WARN  [traceId=d4f608de-5528-4249-b2c3-a2b44b142491] [userId=anonymous] [POST /api/v1/auth/reissue] o.s.w.s.m.m.a.ExceptionHandlerExceptionResolver - Resolved [com.ssac.ssacbackend.common.exception.BadRequestException: 유효하지 않은 토큰입니다.]
2026-06-03 13:53:00.169 ERROR [traceId=1dbe6e6d-5eae-4238-b730-448684bbaf78] [userId=anonymous] [GET /api/v1/auth/naver/login] c.s.s.c.NaverOAuthController - 네이버 로그인 URL 생성 실패: Unable to connect to Redis
2026-06-03 13:53:00.410 WARN  [traceId=68f5046d-ecf2-4b10-87af-55f429ac3e4c] [userId=anonymous] [POST /api/v1/auth/reissue] c.s.s.c.e.GlobalExceptionHandler - [AUTH-003] POST /api/v1/auth/reissue | traceId=68f5046d-ecf2-4b10-87af-55f429ac3e4c | userId=anonymous
-> 유효하지 않은 토큰입니다.
2026-06-03 13:53:00.411 WARN  [traceId=68f5046d-ecf2-4b10-87af-55f429ac3e4c] [userId=anonymous] [POST /api/v1/auth/reissue] o.s.w.s.m.m.a.ExceptionHandlerExceptionResolver - Resolved [com.ssac.ssacbackend.common.exception.BadRequestException: 유효하지 않은 토큰입니다.]
2026-06-03 13:53:00.435 WARN  [traceId=5f408a7d-bb43-42ac-98aa-e73f5bccadf5] [userId=anonymous] [GET /api/ab-test/menu] c.s.s.c.e.GlobalExceptionHandler - [EVENT-001] GET /api/ab-test/menu | traceId=5f408a7d-bb43-42ac-98aa-e73f5bccadf5 | userId=anonymous
-> userId 또는 guestId 중 하나는 반드시 필요합니다.
2026-06-03 13:53:00.437 WARN  [traceId=5f408a7d-bb43-42ac-98aa-e73f5bccadf5] [userId=anonymous] [GET /api/ab-test/menu] o.s.w.s.m.m.a.ExceptionHandlerExceptionResolver - Resolved [com.ssac.ssacbackend.common.exception.BadRequestException: userId 또는 guestId 중 하나는 반드시 필요합니다.]
2026-06-03 13:53:00.474 WARN  [traceId=66d30df9-14df-4c61-9cb7-a7ba74b40ab3] [userId=anonymous] [GET /api/ab-test/menu] c.s.s.c.e.GlobalExceptionHandler - [EVENT-001] GET /api/ab-test/menu | traceId=66d30df9-14df-4c61-9cb7-a7ba74b40ab3 | userId=anonymous
-> userId 또는 guestId 중 하나는 반드시 필요합니다.
2026-06-03 13:53:00.476 WARN  [traceId=66d30df9-14df-4c61-9cb7-a7ba74b40ab3] [userId=anonymous] [GET /api/ab-test/menu] o.s.w.s.m.m.a.ExceptionHandlerExceptionResolver - Resolved [com.ssac.ssacbackend.common.exception.BadRequestException: userId 또는 guestId 중 하나는 반드시 필요합니다.]
2026-06-03 13:53:02.564 ERROR [traceId=87c2a123-97ae-4659-8a4e-5d3f3b53de22] [userId=anonymous] [GET /api/v1/auth/naver/login] c.s.s.c.NaverOAuthController - 네이버 로그인 URL 생성 실패: Unable to connect to Redis
2026-06-03 13:53:02.746 WARN  [traceId=ab3406e1-eada-4e35-b975-61ff293380b6] [userId=anonymous] [POST /api/v1/auth/reissue] c.s.s.c.e.GlobalExceptionHandler - [AUTH-003] POST /api/v1/auth/reissue | traceId=ab3406e1-eada-4e35-b975-61ff293380b6 | userId=anonymous
-> 유효하지 않은 토큰입니다.
2026-06-03 13:53:02.747 WARN  [traceId=ab3406e1-eada-4e35-b975-61ff293380b6] [userId=anonymous] [POST /api/v1/auth/reissue] o.s.w.s.m.m.a.ExceptionHandlerExceptionResolver - Resolved [com.ssac.ssacbackend.common.exception.BadRequestException: 유효하지 않은 토큰입니다.]
2026-06-03 13:53:02.772 WARN  [traceId=b78813fd-30d4-44cc-8fea-51e7ec60f224] [userId=anonymous] [GET /api/ab-test/menu] c.s.s.c.e.GlobalExceptionHandler - [EVENT-001] GET /api/ab-test/menu | traceId=b78813fd-30d4-44cc-8fea-51e7ec60f224 | userId=anonymous
-> userId 또는 guestId 중 하나는 반드시 필요합니다.
2026-06-03 13:53:02.773 WARN  [traceId=b78813fd-30d4-44cc-8fea-51e7ec60f224] [userId=anonymous] [GET /api/ab-test/menu] o.s.w.s.m.m.a.ExceptionHandlerExceptionResolver - Resolved [com.ssac.ssacbackend.common.exception.BadRequestException: userId 또는 guestId 중 하나는 반드시 필요합니다.]
2026-06-03 13:53:02.795 WARN  [traceId=0486d332-7752-42ec-9163-efe52b2c3b75] [userId=anonymous] [GET /api/ab-test/menu] c.s.s.c.e.GlobalExceptionHandler - [EVENT-001] GET /api/ab-test/menu | traceId=0486d332-7752-42ec-9163-efe52b2c3b75 | userId=anonymous
-> userId 또는 guestId 중 하나는 반드시 필요합니다.
2026-06-03 13:53:02.797 WARN  [traceId=0486d332-7752-42ec-9163-efe52b2c3b75] [userId=anonymous] [GET /api/ab-test/menu] o.s.w.s.m.m.a.ExceptionHandlerExceptionResolver - Resolved [com.ssac.ssacbackend.common.exception.BadRequestException: userId 또는 guestId 중 하나는 반드시 필요합니다.]
2026-06-03 13:54:17.340 ERROR [traceId=43340ce6-4b89-4795-98c5-b192a85f8ee4] [userId=anonymous] [GET /api/v1/auth/naver/login] c.s.s.c.NaverOAuthController - 네이버 로그인 URL 생성 실패: Unable to connect to Redis
2026-06-03 13:54:17.529 WARN  [traceId=b4603938-a563-4175-a45b-f1d25afa4557] [userId=anonymous] [POST /api/v1/auth/reissue] c.s.s.c.e.GlobalExceptionHandler - [AUTH-003] POST /api/v1/auth/reissue | traceId=b4603938-a563-4175-a45b-f1d25afa4557 | userId=anonymous
-> 유효하지 않은 토큰입니다.
2026-06-03 13:54:17.533 WARN  [traceId=b4603938-a563-4175-a45b-f1d25afa4557] [userId=anonymous] [POST /api/v1/auth/reissue] o.s.w.s.m.m.a.ExceptionHandlerExceptionResolver - Resolved [com.ssac.ssacbackend.common.exception.BadRequestException: 유효하지 않은 토큰입니다.]
2026-06-03 13:54:17.552 WARN  [traceId=11c9e34b-81d4-49fe-8469-b3c34ce787ac] [userId=anonymous] [GET /api/ab-test/menu] c.s.s.c.e.GlobalExceptionHandler - [EVENT-001] GET /api/ab-test/menu | traceId=11c9e34b-81d4-49fe-8469-b3c34ce787ac | userId=anonymous
-> userId 또는 guestId 중 하나는 반드시 필요합니다.
2026-06-03 13:54:17.553 WARN  [traceId=11c9e34b-81d4-49fe-8469-b3c34ce787ac] [userId=anonymous] [GET /api/ab-test/menu] o.s.w.s.m.m.a.ExceptionHandlerExceptionResolver - Resolved [com.ssac.ssacbackend.common.exception.BadRequestException: userId 또는 guestId 중 하나는 반드시 필요합니다.]
2026-06-03 13:54:17.583 WARN  [traceId=f35f9655-0326-420a-887e-491819e81301] [userId=anonymous] [GET /api/ab-test/menu] c.s.s.c.e.GlobalExceptionHandler - [EVENT-001] GET /api/ab-test/menu | traceId=f35f9655-0326-420a-887e-491819e81301 | userId=anonymous
-> userId 또는 guestId 중 하나는 반드시 필요합니다.
2026-06-03 13:54:17.583 WARN  [traceId=f35f9655-0326-420a-887e-491819e81301] [userId=anonymous] [GET /api/ab-test/menu] o.s.w.s.m.m.a.ExceptionHandlerExceptionResolver - Resolved [com.ssac.ssacbackend.common.exception.BadRequestException: userId 또는 guestId 중 하나는 반드시 필요합니다.]
