2026-06-01 11:54:42.561 WARN  [traceId=] [userId=] [ ] o.f.c.i.database.base.Database - Using MySQL 9.1 which is newer than the version Flyway has been verified with. The latest verified version of MySQL is 8.1.
2026-06-01 11:54:42.701 WARN  [traceId=] [userId=] [ ] o.f.c.i.database.base.Database - Using MySQL 9.1 which is newer than the version Flyway has been verified with. The latest verified version of MySQL is 8.1.
2026-06-01 11:54:45.995 WARN  [traceId=] [userId=] [ ] o.s.b.j.a.JpaBaseConfiguration$JpaWebConfiguration - spring.jpa.open-in-view is enabled by default. Therefore, database queries may be performed during view rendering. Explicitly configure spring.jpa.open-in-view to disable this warning
2026-06-01 11:54:47.546 ERROR [traceId=] [userId=] [ ] c.s.s.service.NotionSyncService - Notion 자동 동기화 실패
com.ssac.ssacbackend.common.exception.BadRequestException: Notion 동기화 중 오류가 발생했습니다.
	at com.ssac.ssacbackend.service.NotionSyncService.syncAll(NotionSyncService.java:88)
	at com.ssac.ssacbackend.service.NotionSyncService.scheduledSync(NotionSyncService.java:70)
	at java.base/jdk.internal.reflect.NativeMethodAccessorImpl.invoke0(Native Method)
	at java.base/jdk.internal.reflect.NativeMethodAccessorImpl.invoke(NativeMethodAccessorImpl.java:77)
	at java.base/jdk.internal.reflect.DelegatingMethodAccessorImpl.invoke(DelegatingMethodAccessorImpl.java:43)
	at java.base/java.lang.reflect.Method.invoke(Method.java:569)
	at org.springframework.aop.support.AopUtils.invokeJoinpointUsingReflection(AopUtils.java:359)
	at org.springframework.aop.framework.CglibAopProxy$DynamicAdvisedInterceptor.intercept(CglibAopProxy.java:715)
	at com.ssac.ssacbackend.service.NotionSyncService$$SpringCGLIB$$0.scheduledSync(<generated>)
	at java.base/jdk.internal.reflect.NativeMethodAccessorImpl.invoke0(Native Method)
	at java.base/jdk.internal.reflect.NativeMethodAccessorImpl.invoke(NativeMethodAccessorImpl.java:77)
	at java.base/jdk.internal.reflect.DelegatingMethodAccessorImpl.invoke(DelegatingMethodAccessorImpl.java:43)
	at java.base/java.lang.reflect.Method.invoke(Method.java:569)
	at org.springframework.scheduling.support.ScheduledMethodRunnable.runInternal(ScheduledMethodRunnable.java:128)
	at org.springframework.scheduling.support.ScheduledMethodRunnable.lambda$run$1(ScheduledMethodRunnable.java:122)
	at io.micrometer.observation.Observation.observe(Observation.java:569)
	at org.springframework.scheduling.support.ScheduledMethodRunnable.run(ScheduledMethodRunnable.java:122)
	at org.springframework.scheduling.config.Task$OutcomeTrackingRunnable.run(Task.java:88)
	at org.springframework.scheduling.support.DelegatingErrorHandlingRunnable.run(DelegatingErrorHandlingRunnable.java:54)
	at java.base/java.util.concurrent.Executors$RunnableAdapter.call(Executors.java:539)
	at java.base/java.util.concurrent.FutureTask.runAndReset(FutureTask.java:305)
	at java.base/java.util.concurrent.ScheduledThreadPoolExecutor$ScheduledFutureTask.run(ScheduledThreadPoolExecutor.java:305)
	at java.base/java.util.concurrent.ThreadPoolExecutor.runWorker(ThreadPoolExecutor.java:1136)
	at java.base/java.util.concurrent.ThreadPoolExecutor$Worker.run(ThreadPoolExecutor.java:635)
	at java.base/java.lang.Thread.run(Thread.java:840)
2026-06-01 11:54:56.106 ERROR [traceId=41c3c900-86b3-44a9-a77a-43dcb69943d0] [userId=anonymous] [GET /api/v1/auth/naver/login] c.s.s.c.NaverOAuthController - 네이버 로그인 URL 생성 실패: Unable to connect to Redis
2026-06-01 11:54:56.369 WARN  [traceId=e4f03020-6b33-4b02-8833-4e3132e0caf4] [userId=anonymous] [GET /api/ab-test/menu] c.s.s.c.e.GlobalExceptionHandler - [EVENT-001] GET /api/ab-test/menu | traceId=e4f03020-6b33-4b02-8833-4e3132e0caf4 | userId=anonymous
-> userId 또는 guestId 중 하나는 반드시 필요합니다.
2026-06-01 11:54:56.385 WARN  [traceId=e4f03020-6b33-4b02-8833-4e3132e0caf4] [userId=anonymous] [GET /api/ab-test/menu] o.s.w.s.m.m.a.ExceptionHandlerExceptionResolver - Resolved [com.ssac.ssacbackend.common.exception.BadRequestException: userId 또는 guestId 중 하나는 반드시 필요합니다.]
2026-06-01 11:54:56.416 WARN  [traceId=bedefd9a-111f-4600-a7c8-dd2972cc5006] [userId=anonymous] [GET /api/ab-test/menu] c.s.s.c.e.GlobalExceptionHandler - [EVENT-001] GET /api/ab-test/menu | traceId=bedefd9a-111f-4600-a7c8-dd2972cc5006 | userId=anonymous
-> userId 또는 guestId 중 하나는 반드시 필요합니다.
2026-06-01 11:54:56.417 WARN  [traceId=bedefd9a-111f-4600-a7c8-dd2972cc5006] [userId=anonymous] [GET /api/ab-test/menu] o.s.w.s.m.m.a.ExceptionHandlerExceptionResolver - Resolved [com.ssac.ssacbackend.common.exception.BadRequestException: userId 또는 guestId 중 하나는 반드시 필요합니다.]
2026-06-01 11:55:17.647 ERROR [traceId=b2b9da87-2d19-41ce-b3cd-b2c1b89c3f4a] [userId=accia25@naver.com] [GET /api/v1/auth/naver/login] c.s.s.c.NaverOAuthController - 네이버 로그인 URL 생성 실패: Unable to connect to Redis
2026-06-01 11:55:18.059 WARN  [traceId=2e880ccf-a5d9-4fce-9e82-ce8fb8a8384e] [userId=accia25@naver.com] [GET /api/ab-test/menu] c.s.s.c.e.GlobalExceptionHandler - [EVENT-001] GET /api/ab-test/menu | traceId=2e880ccf-a5d9-4fce-9e82-ce8fb8a8384e | userId=accia25@naver.com
-> userId 또는 guestId 중 하나는 반드시 필요합니다.
2026-06-01 11:55:18.061 WARN  [traceId=2e880ccf-a5d9-4fce-9e82-ce8fb8a8384e] [userId=accia25@naver.com] [GET /api/ab-test/menu] o.s.w.s.m.m.a.ExceptionHandlerExceptionResolver - Resolved [com.ssac.ssacbackend.common.exception.BadRequestException: userId 또는 guestId 중 하나는 반드시 필요합니다.]
2026-06-01 11:55:18.143 WARN  [traceId=1da1ccc4-5263-47bb-a8aa-3f29eaff16ac] [userId=accia25@naver.com] [GET /api/ab-test/menu] c.s.s.c.e.GlobalExceptionHandler - [EVENT-001] GET /api/ab-test/menu | traceId=1da1ccc4-5263-47bb-a8aa-3f29eaff16ac | userId=accia25@naver.com
-> userId 또는 guestId 중 하나는 반드시 필요합니다.
2026-06-01 11:55:18.144 WARN  [traceId=1da1ccc4-5263-47bb-a8aa-3f29eaff16ac] [userId=accia25@naver.com] [GET /api/ab-test/menu] o.s.w.s.m.m.a.ExceptionHandlerExceptionResolver - Resolved [com.ssac.ssacbackend.common.exception.BadRequestException: userId 또는 guestId 중 하나는 반드시 필요합니다.]
