2026-05-12 21:41:59.020 WARN  [traceId=] [userId=] [ ] o.s.b.j.a.JpaBaseConfiguration$JpaWebConfiguration - spring.jpa.open-in-view is enabled by default. Therefore, database queries may be performed during view rendering. Explicitly configure spring.jpa.open-in-view to disable this warning
2026-05-12 21:42:10.074 WARN  [traceId=bc6a839a-afe6-4e21-a556-575e0722d98f] [userId=anonymous] [GET /api/ab-test/menu] c.s.s.c.e.GlobalExceptionHandler - [EVENT-001] GET /api/ab-test/menu | traceId=bc6a839a-afe6-4e21-a556-575e0722d98f | userId=anonymous
-> userId 또는 guestId 중 하나는 반드시 필요합니다.
2026-05-12 21:42:10.213 WARN  [traceId=bc6a839a-afe6-4e21-a556-575e0722d98f] [userId=anonymous] [GET /api/ab-test/menu] o.s.w.s.m.m.a.ExceptionHandlerExceptionResolver - Resolved [com.ssac.ssacbackend.common.exception.BadRequestException: userId 또는 guestId 중 하나는 반드시 필요합니다.]
2026-05-12 21:42:10.243 WARN  [traceId=4c08ff55-76f7-406c-977d-4fcb3c1b9f7e] [userId=anonymous] [GET /api/ab-test/menu] c.s.s.c.e.GlobalExceptionHandler - [EVENT-001] GET /api/ab-test/menu | traceId=4c08ff55-76f7-406c-977d-4fcb3c1b9f7e | userId=anonymous
-> userId 또는 guestId 중 하나는 반드시 필요합니다.
2026-05-12 21:42:10.247 WARN  [traceId=4c08ff55-76f7-406c-977d-4fcb3c1b9f7e] [userId=anonymous] [GET /api/ab-test/menu] o.s.w.s.m.m.a.ExceptionHandlerExceptionResolver - Resolved [com.ssac.ssacbackend.common.exception.BadRequestException: userId 또는 guestId 중 하나는 반드시 필요합니다.]
2026-05-12 21:42:23.416 WARN  [traceId=c3b3e87f-0548-402a-9fe9-0fb5dfd5f61a] [userId=accia25@naver.com] [GET /api/ab-test/menu] c.s.s.c.e.GlobalExceptionHandler - [EVENT-001] GET /api/ab-test/menu | traceId=c3b3e87f-0548-402a-9fe9-0fb5dfd5f61a | userId=accia25@naver.com
-> userId 또는 guestId 중 하나는 반드시 필요합니다.
2026-05-12 21:42:23.420 WARN  [traceId=c3b3e87f-0548-402a-9fe9-0fb5dfd5f61a] [userId=accia25@naver.com] [GET /api/ab-test/menu] o.s.w.s.m.m.a.ExceptionHandlerExceptionResolver - Resolved [com.ssac.ssacbackend.common.exception.BadRequestException: userId 또는 guestId 중 하나는 반드시 필요합니다.]
2026-05-12 21:42:23.473 WARN  [traceId=470fd447-5d3f-4015-934f-a8d955f8620a] [userId=accia25@naver.com] [GET /api/ab-test/menu] c.s.s.c.e.GlobalExceptionHandler - [EVENT-001] GET /api/ab-test/menu | traceId=470fd447-5d3f-4015-934f-a8d955f8620a | userId=accia25@naver.com
-> userId 또는 guestId 중 하나는 반드시 필요합니다.
2026-05-12 21:42:23.475 WARN  [traceId=470fd447-5d3f-4015-934f-a8d955f8620a] [userId=accia25@naver.com] [GET /api/ab-test/menu] o.s.w.s.m.m.a.ExceptionHandlerExceptionResolver - Resolved [com.ssac.ssacbackend.common.exception.BadRequestException: userId 또는 guestId 중 하나는 반드시 필요합니다.]
2026-05-12 21:42:23.979 WARN  [traceId=00fbdeb8-dffc-4f98-a55d-5082e4db303d] [userId=accia25@naver.com] [GET /api/ab-test/menu] c.s.s.c.e.GlobalExceptionHandler - [EVENT-001] GET /api/ab-test/menu | traceId=00fbdeb8-dffc-4f98-a55d-5082e4db303d | userId=accia25@naver.com
-> userId 또는 guestId 중 하나는 반드시 필요합니다.
2026-05-12 21:42:23.980 WARN  [traceId=00fbdeb8-dffc-4f98-a55d-5082e4db303d] [userId=accia25@naver.com] [GET /api/ab-test/menu] o.s.w.s.m.m.a.ExceptionHandlerExceptionResolver - Resolved [com.ssac.ssacbackend.common.exception.BadRequestException: userId 또는 guestId 중 하나는 반드시 필요합니다.]
2026-05-12 21:42:24.033 WARN  [traceId=eb8515e6-be06-4472-a317-a930ace6ff61] [userId=accia25@naver.com] [GET /api/ab-test/menu] c.s.s.c.e.GlobalExceptionHandler - [EVENT-001] GET /api/ab-test/menu | traceId=eb8515e6-be06-4472-a317-a930ace6ff61 | userId=accia25@naver.com
-> userId 또는 guestId 중 하나는 반드시 필요합니다.
2026-05-12 21:42:24.034 WARN  [traceId=eb8515e6-be06-4472-a317-a930ace6ff61] [userId=accia25@naver.com] [GET /api/ab-test/menu] o.s.w.s.m.m.a.ExceptionHandlerExceptionResolver - Resolved [com.ssac.ssacbackend.common.exception.BadRequestException: userId 또는 guestId 중 하나는 반드시 필요합니다.]
2026-05-12 21:42:42.633 WARN  [traceId=8e1e2994-267d-4c0e-9e1b-60f856a15752] [userId=accia25@naver.com] [GET /api/ab-test/menu] c.s.s.c.e.GlobalExceptionHandler - [EVENT-001] GET /api/ab-test/menu | traceId=8e1e2994-267d-4c0e-9e1b-60f856a15752 | userId=accia25@naver.com
-> userId 또는 guestId 중 하나는 반드시 필요합니다.
2026-05-12 21:42:42.635 WARN  [traceId=8e1e2994-267d-4c0e-9e1b-60f856a15752] [userId=accia25@naver.com] [GET /api/ab-test/menu] o.s.w.s.m.m.a.ExceptionHandlerExceptionResolver - Resolved [com.ssac.ssacbackend.common.exception.BadRequestException: userId 또는 guestId 중 하나는 반드시 필요합니다.]
2026-05-12 21:42:42.702 WARN  [traceId=9fc67283-8ed2-491a-aab2-6a5fc369ea6b] [userId=accia25@naver.com] [GET /api/ab-test/menu] c.s.s.c.e.GlobalExceptionHandler - [EVENT-001] GET /api/ab-test/menu | traceId=9fc67283-8ed2-491a-aab2-6a5fc369ea6b | userId=accia25@naver.com
-> userId 또는 guestId 중 하나는 반드시 필요합니다.
2026-05-12 21:42:42.703 WARN  [traceId=9fc67283-8ed2-491a-aab2-6a5fc369ea6b] [userId=accia25@naver.com] [GET /api/ab-test/menu] o.s.w.s.m.m.a.ExceptionHandlerExceptionResolver - Resolved [com.ssac.ssacbackend.common.exception.BadRequestException: userId 또는 guestId 중 하나는 반드시 필요합니다.]
2026-05-12 22:13:40.086 WARN  [traceId=] [userId=] [ ] o.s.b.j.a.JpaBaseConfiguration$JpaWebConfiguration - spring.jpa.open-in-view is enabled by default. Therefore, database queries may be performed during view rendering. Explicitly configure spring.jpa.open-in-view to disable this warning
2026-05-12 22:13:48.778 WARN  [traceId=c2d7336d-bb5f-4a43-a4c3-2ffa2f19857e] [userId=anonymous] [GET /api/ab-test/menu] c.s.s.c.e.GlobalExceptionHandler - [EVENT-001] GET /api/ab-test/menu | traceId=c2d7336d-bb5f-4a43-a4c3-2ffa2f19857e | userId=anonymous
-> userId 또는 guestId 중 하나는 반드시 필요합니다.
2026-05-12 22:13:48.817 WARN  [traceId=c2d7336d-bb5f-4a43-a4c3-2ffa2f19857e] [userId=anonymous] [GET /api/ab-test/menu] o.s.w.s.m.m.a.ExceptionHandlerExceptionResolver - Resolved [com.ssac.ssacbackend.common.exception.BadRequestException: userId 또는 guestId 중 하나는 반드시 필요합니다.]
2026-05-12 22:13:48.914 WARN  [traceId=675ee63c-7d85-41fc-9f4c-9187ace97b01] [userId=anonymous] [GET /api/ab-test/menu] c.s.s.c.e.GlobalExceptionHandler - [EVENT-001] GET /api/ab-test/menu | traceId=675ee63c-7d85-41fc-9f4c-9187ace97b01 | userId=anonymous
-> userId 또는 guestId 중 하나는 반드시 필요합니다.
2026-05-12 22:13:48.917 WARN  [traceId=675ee63c-7d85-41fc-9f4c-9187ace97b01] [userId=anonymous] [GET /api/ab-test/menu] o.s.w.s.m.m.a.ExceptionHandlerExceptionResolver - Resolved [com.ssac.ssacbackend.common.exception.BadRequestException: userId 또는 guestId 중 하나는 반드시 필요합니다.]
2026-05-12 22:13:53.373 WARN  [traceId=4127e0ad-4dc5-41d5-98a2-5ab34eb68995] [userId=accia25@naver.com] [GET /api/ab-test/menu] c.s.s.c.e.GlobalExceptionHandler - [EVENT-001] GET /api/ab-test/menu | traceId=4127e0ad-4dc5-41d5-98a2-5ab34eb68995 | userId=accia25@naver.com
-> userId 또는 guestId 중 하나는 반드시 필요합니다.
2026-05-12 22:13:53.375 WARN  [traceId=4127e0ad-4dc5-41d5-98a2-5ab34eb68995] [userId=accia25@naver.com] [GET /api/ab-test/menu] o.s.w.s.m.m.a.ExceptionHandlerExceptionResolver - Resolved [com.ssac.ssacbackend.common.exception.BadRequestException: userId 또는 guestId 중 하나는 반드시 필요합니다.]
2026-05-12 22:13:53.515 WARN  [traceId=09159a7e-4ede-482b-a8e4-12c7058b9738] [userId=accia25@naver.com] [GET /api/ab-test/menu] c.s.s.c.e.GlobalExceptionHandler - [EVENT-001] GET /api/ab-test/menu | traceId=09159a7e-4ede-482b-a8e4-12c7058b9738 | userId=accia25@naver.com
-> userId 또는 guestId 중 하나는 반드시 필요합니다.
2026-05-12 22:13:53.517 WARN  [traceId=09159a7e-4ede-482b-a8e4-12c7058b9738] [userId=accia25@naver.com] [GET /api/ab-test/menu] o.s.w.s.m.m.a.ExceptionHandlerExceptionResolver - Resolved [com.ssac.ssacbackend.common.exception.BadRequestException: userId 또는 guestId 중 하나는 반드시 필요합니다.]
2026-05-12 22:13:53.649 WARN  [traceId=0799bbb6-fcea-40f9-87e1-283caab0b31a] [userId=accia25@naver.com] [GET /api/ab-test/menu] c.s.s.c.e.GlobalExceptionHandler - [EVENT-001] GET /api/ab-test/menu | traceId=0799bbb6-fcea-40f9-87e1-283caab0b31a | userId=accia25@naver.com
-> userId 또는 guestId 중 하나는 반드시 필요합니다.
2026-05-12 22:13:53.650 WARN  [traceId=0799bbb6-fcea-40f9-87e1-283caab0b31a] [userId=accia25@naver.com] [GET /api/ab-test/menu] o.s.w.s.m.m.a.ExceptionHandlerExceptionResolver - Resolved [com.ssac.ssacbackend.common.exception.BadRequestException: userId 또는 guestId 중 하나는 반드시 필요합니다.]
2026-05-12 22:13:53.694 WARN  [traceId=e6337db9-de60-4ba1-ae71-84a8e1809b92] [userId=accia25@naver.com] [GET /api/ab-test/menu] c.s.s.c.e.GlobalExceptionHandler - [EVENT-001] GET /api/ab-test/menu | traceId=e6337db9-de60-4ba1-ae71-84a8e1809b92 | userId=accia25@naver.com
-> userId 또는 guestId 중 하나는 반드시 필요합니다.
2026-05-12 22:13:53.695 WARN  [traceId=e6337db9-de60-4ba1-ae71-84a8e1809b92] [userId=accia25@naver.com] [GET /api/ab-test/menu] o.s.w.s.m.m.a.ExceptionHandlerExceptionResolver - Resolved [com.ssac.ssacbackend.common.exception.BadRequestException: userId 또는 guestId 중 하나는 반드시 필요합니다.]
2026-05-12 22:13:58.154 WARN  [traceId=] [userId=] [ ] o.a.c.util.SessionIdGeneratorBase - Creation of SecureRandom instance for session ID generation using [SHA1PRNG] took [191] milliseconds.
2026-05-12 22:13:59.585 WARN  [traceId=ba9a7726-8bdb-4754-83e1-a91fd83accaa] [userId=anonymous] [GET /api/ab-test/menu] c.s.s.c.e.GlobalExceptionHandler - [EVENT-001] GET /api/ab-test/menu | traceId=ba9a7726-8bdb-4754-83e1-a91fd83accaa | userId=anonymous
-> userId 또는 guestId 중 하나는 반드시 필요합니다.
2026-05-12 22:13:59.587 WARN  [traceId=ba9a7726-8bdb-4754-83e1-a91fd83accaa] [userId=anonymous] [GET /api/ab-test/menu] o.s.w.s.m.m.a.ExceptionHandlerExceptionResolver - Resolved [com.ssac.ssacbackend.common.exception.BadRequestException: userId 또는 guestId 중 하나는 반드시 필요합니다.]
2026-05-12 22:13:59.766 WARN  [traceId=223eefc9-e2c0-4dc2-b6d7-a07a2e5cfaeb] [userId=anonymous] [GET /api/ab-test/menu] c.s.s.c.e.GlobalExceptionHandler - [EVENT-001] GET /api/ab-test/menu | traceId=223eefc9-e2c0-4dc2-b6d7-a07a2e5cfaeb | userId=anonymous
-> userId 또는 guestId 중 하나는 반드시 필요합니다.
2026-05-12 22:13:59.768 WARN  [traceId=223eefc9-e2c0-4dc2-b6d7-a07a2e5cfaeb] [userId=anonymous] [GET /api/ab-test/menu] o.s.w.s.m.m.a.ExceptionHandlerExceptionResolver - Resolved [com.ssac.ssacbackend.common.exception.BadRequestException: userId 또는 guestId 중 하나는 반드시 필요합니다.]
2026-05-12 22:13:59.955 WARN  [traceId=56e0182c-9f5d-492e-b285-bafccbe2d6b2] [userId=4866927517@kakao.com] [GET /api/ab-test/menu] c.s.s.c.e.GlobalExceptionHandler - [EVENT-001] GET /api/ab-test/menu | traceId=56e0182c-9f5d-492e-b285-bafccbe2d6b2 | userId=4866927517@kakao.com
-> userId 또는 guestId 중 하나는 반드시 필요합니다.
2026-05-12 22:13:59.956 WARN  [traceId=56e0182c-9f5d-492e-b285-bafccbe2d6b2] [userId=4866927517@kakao.com] [GET /api/ab-test/menu] o.s.w.s.m.m.a.ExceptionHandlerExceptionResolver - Resolved [com.ssac.ssacbackend.common.exception.BadRequestException: userId 또는 guestId 중 하나는 반드시 필요합니다.]
2026-05-12 22:14:00.022 WARN  [traceId=79f4c335-ef9c-42fb-898a-3fa730640df8] [userId=4866927517@kakao.com] [GET /api/ab-test/menu] c.s.s.c.e.GlobalExceptionHandler - [EVENT-001] GET /api/ab-test/menu | traceId=79f4c335-ef9c-42fb-898a-3fa730640df8 | userId=4866927517@kakao.com
-> userId 또는 guestId 중 하나는 반드시 필요합니다.
2026-05-12 22:14:00.023 WARN  [traceId=79f4c335-ef9c-42fb-898a-3fa730640df8] [userId=4866927517@kakao.com] [GET /api/ab-test/menu] o.s.w.s.m.m.a.ExceptionHandlerExceptionResolver - Resolved [com.ssac.ssacbackend.common.exception.BadRequestException: userId 또는 guestId 중 하나는 반드시 필요합니다.]
